Loading plugins phase: Elapsed time ==> 0s.234ms
<CYPRESSTAG name="CyDsfit arguments...">
cydsfit arguments: -.fdsnotice -.fdswarpdepfile=warp_dependencies.txt -.fdselabdepfile=elab_dependencies.txt -.fdsbldfile=generated_files.txt -.fdsreffile=referenced_files.txt -p F:\BW Data\01 - Project\11 - MH-8W\01 - SW\01 - Release\MH-8W_Proximity_Board\MH-8W_Proximity_Board_V11_20170718\MH-8W_PROXIMITY.cydsn\Bootloader_V01\Bootloader_PSoC4_Example01.cydsn\Bootloader_PSoC4_Example01.cyprj -d CY8C4014SXI-420 -s F:\BW Data\01 - Project\11 - MH-8W\01 - SW\01 - Release\MH-8W_Proximity_Board\MH-8W_Proximity_Board_V11_20170718\MH-8W_PROXIMITY.cydsn\Bootloader_V01\Bootloader_PSoC4_Example01.cydsn\Generated_Source\PSoC4 -- -yv2 -q10 -ygs -o2 -v3 -.fftcfgtype=LE</CYPRESSTAG>
<CYPRESSTAG name="Design elaboration results...">
</CYPRESSTAG>
Elaboration phase: Elapsed time ==> 1s.139ms
<CYPRESSTAG name="HDL generation results...">
</CYPRESSTAG>
HDL generation phase: Elapsed time ==> 0s.046ms
<CYPRESSTAG name="Synthesis results...">

     | | | | | | |
   _________________
  -|               |-
  -|               |-
  -|               |-
  -|    CYPRESS    |-
  -|               |-
  -|               |-   Warp Verilog Synthesis Compiler: Version 6.3 IR 41
  -|               |-   Copyright (C) 1991-2001 Cypress Semiconductor
   |_______________|
     | | | | | | |

======================================================================
Compiling:  Bootloader_PSoC4_Example01.v
Program  :   C:\Program Files (x86)\Cypress\PSoC Creator\4.0\PSoC Creator\warp\bin\warp.exe
Options  :    -yv2 -q10 -ygs -o2 -v3 -.fftcfgtype=LE -ya -.fftprj=F:\BW Data\01 - Project\11 - MH-8W\01 - SW\01 - Release\MH-8W_Proximity_Board\MH-8W_Proximity_Board_V11_20170718\MH-8W_PROXIMITY.cydsn\Bootloader_V01\Bootloader_PSoC4_Example01.cydsn\Bootloader_PSoC4_Example01.cyprj -dcpsoc3 Bootloader_PSoC4_Example01.v -verilog
======================================================================

======================================================================
Compiling:  Bootloader_PSoC4_Example01.v
Program  :   C:\Program Files (x86)\Cypress\PSoC Creator\4.0\PSoC Creator\warp\bin\warp.exe
Options  :    -yv2 -q10 -ygs -o2 -v3 -.fftcfgtype=LE -ya -.fftprj=F:\BW Data\01 - Project\11 - MH-8W\01 - SW\01 - Release\MH-8W_Proximity_Board\MH-8W_Proximity_Board_V11_20170718\MH-8W_PROXIMITY.cydsn\Bootloader_V01\Bootloader_PSoC4_Example01.cydsn\Bootloader_PSoC4_Example01.cyprj -dcpsoc3 Bootloader_PSoC4_Example01.v -verilog
======================================================================

======================================================================
Compiling:  Bootloader_PSoC4_Example01.v
Program  :   vlogfe
Options  :    -yv2 -q10 -ygs -o2 -v3 -.fftcfgtype=LE -ya -.fftprj=F:\BW Data\01 - Project\11 - MH-8W\01 - SW\01 - Release\MH-8W_Proximity_Board\MH-8W_Proximity_Board_V11_20170718\MH-8W_PROXIMITY.cydsn\Bootloader_V01\Bootloader_PSoC4_Example01.cydsn\Bootloader_PSoC4_Example01.cyprj -dcpsoc3 -verilog Bootloader_PSoC4_Example01.v
======================================================================

vlogfe V6.3 IR 41:  Verilog parser
Wed Jul 19 16:25:04 2017


======================================================================
Compiling:  Bootloader_PSoC4_Example01.v
Program  :   vpp
Options  :    -yv2 -q10 Bootloader_PSoC4_Example01.v
======================================================================

vpp V6.3 IR 41:  Verilog Pre-Processor
Wed Jul 19 16:25:04 2017

Flattening file 'C:\Program Files (x86)\Cypress\PSoC Creator\4.0\PSoC Creator\psoc\content\cyprimitives\CyPrimitives.cylib\cy_virtualmux_v1_0\cy_virtualmux_v1_0.v'
Flattening file 'C:\Program Files (x86)\Cypress\PSoC Creator\4.0\PSoC Creator\psoc\content\cyprimitives\CyPrimitives.cylib\ZeroTerminal\ZeroTerminal.v'
Flattening file 'C:\Program Files (x86)\Cypress\PSoC Creator\4.0\PSoC Creator\psoc\content\cyprimitives\CyPrimitives.cylib\or_v1_0\or_v1_0.v'

vpp:  No errors.

Library 'work' => directory 'lcpsoc3'
General_symbol_table
General_symbol_table
Linking 'C:\Program Files (x86)\Cypress\PSoC Creator\4.0\PSoC Creator\warp\lib\common\std.vhd'.
Linking 'C:\Program Files (x86)\Cypress\PSoC Creator\4.0\PSoC Creator\warp\lib\common\cypress.vhd'.
Linking 'C:\Program Files (x86)\Cypress\PSoC Creator\4.0\PSoC Creator\warp\lib\common\work\cypress.vif'.
Linking 'C:\Program Files (x86)\Cypress\PSoC Creator\4.0\PSoC Creator\warp\lib\ieee\work\stdlogic.vif'.
Linking 'C:\Program Files (x86)\Cypress\PSoC Creator\4.0\PSoC Creator\warp\lib\common\stdlogic\lpmpkg.vif'.
Linking 'C:\Program Files (x86)\Cypress\PSoC Creator\4.0\PSoC Creator\warp\lib\common\stdlogic\rtlpkg.vif'.
Linking 'C:\Program Files (x86)\Cypress\PSoC Creator\4.0\PSoC Creator\warp\lib\common\stdlogic\mod_cnst.vif'.
Linking 'C:\Program Files (x86)\Cypress\PSoC Creator\4.0\PSoC Creator\warp\lib\common\stdlogic\mod_mthv.vif'.
Linking 'C:\Program Files (x86)\Cypress\PSoC Creator\4.0\PSoC Creator\warp\lib\common\stdlogic\mod_genv.vif'.
Using control file 'Bootloader_PSoC4_Example01.ctl'.

vlogfe:  No errors.


======================================================================
Compiling:  Bootloader_PSoC4_Example01.v
Program  :   tovif
Options  :    -yv2 -q10 -ygs -o2 -v3 -.fftcfgtype=LE -ya -.fftprj=F:\BW Data\01 - Project\11 - MH-8W\01 - SW\01 - Release\MH-8W_Proximity_Board\MH-8W_Proximity_Board_V11_20170718\MH-8W_PROXIMITY.cydsn\Bootloader_V01\Bootloader_PSoC4_Example01.cydsn\Bootloader_PSoC4_Example01.cyprj -dcpsoc3 -verilog Bootloader_PSoC4_Example01.v
======================================================================

tovif V6.3 IR 41:  High-level synthesis
Wed Jul 19 16:25:04 2017

Linking 'C:\Program Files (x86)\Cypress\PSoC Creator\4.0\PSoC Creator\warp\lib\common\std.vhd'.
Linking 'C:\Program Files (x86)\Cypress\PSoC Creator\4.0\PSoC Creator\warp\lib\common\cypress.vhd'.
Linking 'C:\Program Files (x86)\Cypress\PSoC Creator\4.0\PSoC Creator\warp\lib\common\work\cypress.vif'.
Linking 'C:\Program Files (x86)\Cypress\PSoC Creator\4.0\PSoC Creator\warp\lib\ieee\work\stdlogic.vif'.
Linking 'C:\Program Files (x86)\Cypress\PSoC Creator\4.0\PSoC Creator\warp\lib\common\stdlogic\lpmpkg.vif'.
Linking 'C:\Program Files (x86)\Cypress\PSoC Creator\4.0\PSoC Creator\warp\lib\common\stdlogic\rtlpkg.vif'.
Linking 'C:\Program Files (x86)\Cypress\PSoC Creator\4.0\PSoC Creator\warp\lib\common\stdlogic\mod_cnst.vif'.
Linking 'C:\Program Files (x86)\Cypress\PSoC Creator\4.0\PSoC Creator\warp\lib\common\stdlogic\mod_mthv.vif'.
Linking 'C:\Program Files (x86)\Cypress\PSoC Creator\4.0\PSoC Creator\warp\lib\common\stdlogic\mod_genv.vif'.
Linking 'F:\BW Data\01 - Project\11 - MH-8W\01 - SW\01 - Release\MH-8W_Proximity_Board\MH-8W_Proximity_Board_V11_20170718\MH-8W_PROXIMITY.cydsn\Bootloader_V01\Bootloader_PSoC4_Example01.cydsn\codegentemp\Bootloader_PSoC4_Example01.ctl'.
Linking 'C:\Program Files (x86)\Cypress\PSoC Creator\4.0\PSoC Creator\psoc\content\cyprimitives\CyPrimitives.cylib\cy_virtualmux_v1_0\cy_virtualmux_v1_0.v'.
Linking 'F:\BW Data\01 - Project\11 - MH-8W\01 - SW\01 - Release\MH-8W_Proximity_Board\MH-8W_Proximity_Board_V11_20170718\MH-8W_PROXIMITY.cydsn\Bootloader_V01\Bootloader_PSoC4_Example01.cydsn\codegentemp\Bootloader_PSoC4_Example01.v'.
Linking 'C:\Program Files (x86)\Cypress\PSoC Creator\4.0\PSoC Creator\psoc\content\cyprimitives\CyPrimitives.cylib\ZeroTerminal\ZeroTerminal.v'.
Linking 'C:\Program Files (x86)\Cypress\PSoC Creator\4.0\PSoC Creator\psoc\content\cyprimitives\CyPrimitives.cylib\or_v1_0\or_v1_0.v'.

tovif:  No errors.


======================================================================
Compiling:  Bootloader_PSoC4_Example01.v
Program  :   topld
Options  :    -yv2 -q10 -ygs -o2 -v3 -.fftcfgtype=LE -ya -.fftprj=F:\BW Data\01 - Project\11 - MH-8W\01 - SW\01 - Release\MH-8W_Proximity_Board\MH-8W_Proximity_Board_V11_20170718\MH-8W_PROXIMITY.cydsn\Bootloader_V01\Bootloader_PSoC4_Example01.cydsn\Bootloader_PSoC4_Example01.cyprj -dcpsoc3 -verilog Bootloader_PSoC4_Example01.v
======================================================================

topld V6.3 IR 41:  Synthesis and optimization
Wed Jul 19 16:25:05 2017

Linking 'C:\Program Files (x86)\Cypress\PSoC Creator\4.0\PSoC Creator\warp\lib\common\std.vhd'.
Linking 'C:\Program Files (x86)\Cypress\PSoC Creator\4.0\PSoC Creator\warp\lib\common\cypress.vhd'.
Linking 'C:\Program Files (x86)\Cypress\PSoC Creator\4.0\PSoC Creator\warp\lib\common\work\cypress.vif'.
Linking 'C:\Program Files (x86)\Cypress\PSoC Creator\4.0\PSoC Creator\warp\lib\ieee\work\stdlogic.vif'.
Linking 'C:\Program Files (x86)\Cypress\PSoC Creator\4.0\PSoC Creator\warp\lib\common\stdlogic\lpmpkg.vif'.
Linking 'C:\Program Files (x86)\Cypress\PSoC Creator\4.0\PSoC Creator\warp\lib\common\stdlogic\rtlpkg.vif'.
Linking 'C:\Program Files (x86)\Cypress\PSoC Creator\4.0\PSoC Creator\warp\lib\common\stdlogic\mod_cnst.vif'.
Linking 'C:\Program Files (x86)\Cypress\PSoC Creator\4.0\PSoC Creator\warp\lib\common\stdlogic\mod_mthv.vif'.
Linking 'C:\Program Files (x86)\Cypress\PSoC Creator\4.0\PSoC Creator\warp\lib\common\stdlogic\mod_genv.vif'.
Linking 'F:\BW Data\01 - Project\11 - MH-8W\01 - SW\01 - Release\MH-8W_Proximity_Board\MH-8W_Proximity_Board_V11_20170718\MH-8W_PROXIMITY.cydsn\Bootloader_V01\Bootloader_PSoC4_Example01.cydsn\codegentemp\Bootloader_PSoC4_Example01.ctl'.
Linking 'C:\Program Files (x86)\Cypress\PSoC Creator\4.0\PSoC Creator\psoc\content\cyprimitives\CyPrimitives.cylib\cy_virtualmux_v1_0\cy_virtualmux_v1_0.v'.
Linking 'F:\BW Data\01 - Project\11 - MH-8W\01 - SW\01 - Release\MH-8W_Proximity_Board\MH-8W_Proximity_Board_V11_20170718\MH-8W_PROXIMITY.cydsn\Bootloader_V01\Bootloader_PSoC4_Example01.cydsn\codegentemp\Bootloader_PSoC4_Example01.v'.
Linking 'C:\Program Files (x86)\Cypress\PSoC Creator\4.0\PSoC Creator\psoc\content\cyprimitives\CyPrimitives.cylib\ZeroTerminal\ZeroTerminal.v'.
Linking 'C:\Program Files (x86)\Cypress\PSoC Creator\4.0\PSoC Creator\psoc\content\cyprimitives\CyPrimitives.cylib\or_v1_0\or_v1_0.v'.
Linking 'C:\Program Files (x86)\Cypress\PSoC Creator\4.0\PSoC Creator\warp\lib\lcpsoc3\stdlogic\cpsoc3.vif'.

----------------------------------------------------------
Detecting unused logic.
----------------------------------------------------------
    User names
	\I2C_Slave:Net_1257\
	\I2C_Slave:uncfg_rx_irq\
	\I2C_Slave:Net_1099\
	\I2C_Slave:Net_1258\
	Net_105
	Net_106
	Net_115
	Net_116
	Net_117
	Net_118
	Net_119
	Net_120
	Net_121


Deleted 13 User equations/components.
Deleted 0 Synthesized equations/components.

------------------------------------------------------
Alias Detection
------------------------------------------------------
Aliasing \I2C_Slave:rx_wire\ to \I2C_Slave:select_s_wire\
Aliasing \I2C_Slave:sclk_s_wire\ to \I2C_Slave:select_s_wire\
Aliasing \I2C_Slave:mosi_s_wire\ to \I2C_Slave:select_s_wire\
Aliasing \I2C_Slave:miso_m_wire\ to \I2C_Slave:select_s_wire\
Aliasing zero to \I2C_Slave:select_s_wire\
Aliasing one to \I2C_Slave:tmpOE__sda_net_0\
Aliasing \I2C_Slave:tmpOE__scl_net_0\ to \I2C_Slave:tmpOE__sda_net_0\
Aliasing \I2C_Slave:cts_wire\ to \I2C_Slave:select_s_wire\
Aliasing tmpOE__Bootloader_Status_net_0 to \I2C_Slave:tmpOE__sda_net_0\
Removing Lhs of wire \I2C_Slave:rx_wire\[3] = \I2C_Slave:select_s_wire\[2]
Removing Lhs of wire \I2C_Slave:Net_1170\[6] = \I2C_Slave:Net_847\[1]
Removing Lhs of wire \I2C_Slave:sclk_s_wire\[7] = \I2C_Slave:select_s_wire\[2]
Removing Lhs of wire \I2C_Slave:mosi_s_wire\[8] = \I2C_Slave:select_s_wire\[2]
Removing Lhs of wire \I2C_Slave:miso_m_wire\[9] = \I2C_Slave:select_s_wire\[2]
Removing Rhs of wire zero[12] = \I2C_Slave:select_s_wire\[2]
Removing Rhs of wire one[16] = \I2C_Slave:tmpOE__sda_net_0\[11]
Removing Lhs of wire \I2C_Slave:tmpOE__scl_net_0\[19] = one[16]
Removing Lhs of wire \I2C_Slave:cts_wire\[28] = zero[12]
Removing Lhs of wire tmpOE__Bootloader_Status_net_0[56] = one[16]

------------------------------------------------------
Aliased 0 equations, 10 wires.
------------------------------------------------------

----------------------------------------------------------
Circuit simplification
----------------------------------------------------------

Substituting virtuals - pass 1:


----------------------------------------------------------
Circuit simplification results:

	Expanded 0 signals.
	Turned 0 signals into soft nodes.
	Maximum default expansion cost was set at 3.
----------------------------------------------------------

topld:  No errors.

CYPRESS_DIR    : C:\Program Files (x86)\Cypress\PSoC Creator\4.0\PSoC Creator\warp
Warp Program   : C:\Program Files (x86)\Cypress\PSoC Creator\4.0\PSoC Creator\warp\bin\warp.exe
Warp Arguments : -yv2 -q10 -ygs -o2 -v3 -.fftcfgtype=LE -ya "-.fftprj=F:\BW Data\01 - Project\11 - MH-8W\01 - SW\01 - Release\MH-8W_Proximity_Board\MH-8W_Proximity_Board_V11_20170718\MH-8W_PROXIMITY.cydsn\Bootloader_V01\Bootloader_PSoC4_Example01.cydsn\Bootloader_PSoC4_Example01.cyprj" -dcpsoc3 Bootloader_PSoC4_Example01.v -verilog
</CYPRESSTAG>
Warp synthesis phase: Elapsed time ==> 0s.290ms
<CYPRESSTAG name="Fitter results...">
<CYPRESSTAG name="Fitter startup details...">
cyp3fit: V4.0.0.432, Family: PSoC3, Started at: Wednesday, 19 July 2017 16:25:05
Options: -yv2 -q10 -ygs -o2 -v3 -.fftcfgtype=LE -ya -.fftprj=F:\BW Data\01 - Project\11 - MH-8W\01 - SW\01 - Release\MH-8W_Proximity_Board\MH-8W_Proximity_Board_V11_20170718\MH-8W_PROXIMITY.cydsn\Bootloader_V01\Bootloader_PSoC4_Example01.cydsn\Bootloader_PSoC4_Example01.cyprj -d CY8C4014SXI-420 Bootloader_PSoC4_Example01.v -verilog
</CYPRESSTAG>
<CYPRESSTAG name="Design parsing">
Design parsing phase: Elapsed time ==> 0s.006ms
</CYPRESSTAG>
<CYPRESSTAG name="Tech Mapping">
<CYPRESSTAG name="Initial Mapping" icon="FILE_RPT_TECHM">
Info: mpr.M0053: Information from the design wide resources Pin Editor has overridden the control file entry for "\I2C_Slave:sda(0)\". (App=cydsfit)
Info: mpr.M0053: Information from the design wide resources Pin Editor has overridden the control file entry for "\I2C_Slave:scl(0)\". (App=cydsfit)
Info: mpr.M0053: Information from the design wide resources Pin Editor has overridden the control file entry for "Bootloader_Status(0)". (App=cydsfit)
<CYPRESSTAG name="Global Clock Selection" icon="FILE_RPT_TECHM">
    Fixed Function Clock 0: Automatic-assigning  clock 'I2C_Slave_SCBCLK'. Signal=\I2C_Slave:Net_847_ff0\
<CYPRESSTAG name="UDB Clock/Enable Remapping Results">
</CYPRESSTAG>
</CYPRESSTAG>

Removing unused cells resulting from optimization
Done removing unused cells.
<CYPRESSTAG name="Duplicate Macrocell detection">
</CYPRESSTAG>
</CYPRESSTAG>
<CYPRESSTAG name="Duplicate Macrocell detection">
</CYPRESSTAG>
<CYPRESSTAG name="Design Equations" icon="FILE_RPT_EQUATION">

------------------------------------------------------------
Design Equations
------------------------------------------------------------
    <CYPRESSTAG name="Pin listing">

    ------------------------------------------------------------
    Pin listing
    ------------------------------------------------------------

    Pin : Name = \I2C_Slave:sda(0)\
        Attributes:
            In Group/Port: True
            In Sync Option: NOSYNC
            Out Sync Option: NOSYNC
            Interrupt generated: False
            Interrupt mode: NONE
            Drive mode: OPEN_DRAIN_LO
            VTrip: CMOS
            Slew: FAST
            Input Sync needed: False
            Output Sync needed: False
            SC shield enabled: False
            POR State: ANY
            LCD Mode: COMMON
            Register Mode: RegComb
            CaSense Mode: NEITHER
            Treat as pin: True
            Is OE Registered: False
            Uses Analog: False
            Can contain Digital: True
            Is SIO: False
            SIO Output Buf: NONREGULATED
            SIO Input Buf: SINGLE_ENDED
            SIO HiFreq: LOW
            SIO Hyst: DISABLED
            SIO Vtrip: MULTIPLIER_0_5
            SIO Multiplier Index: 0
            SIO RefSel: VCC_IO
            Required Capabilitites: DIGITAL
            Initial Value: 1
            IO Voltage: 0
        PORT MAP (
            pa_out => \I2C_Slave:sda(0)\__PA ,
            fb => \I2C_Slave:sda_wire\ ,
            pad => \I2C_Slave:sda(0)_PAD\ );
        Properties:
        {
            port_location = "PORT(1,3)"
        }

    Pin : Name = \I2C_Slave:scl(0)\
        Attributes:
            In Group/Port: True
            In Sync Option: NOSYNC
            Out Sync Option: NOSYNC
            Interrupt generated: False
            Interrupt mode: NONE
            Drive mode: OPEN_DRAIN_LO
            VTrip: CMOS
            Slew: FAST
            Input Sync needed: False
            Output Sync needed: False
            SC shield enabled: False
            POR State: ANY
            LCD Mode: COMMON
            Register Mode: RegComb
            CaSense Mode: NEITHER
            Treat as pin: True
            Is OE Registered: False
            Uses Analog: False
            Can contain Digital: True
            Is SIO: False
            SIO Output Buf: NONREGULATED
            SIO Input Buf: SINGLE_ENDED
            SIO HiFreq: LOW
            SIO Hyst: DISABLED
            SIO Vtrip: MULTIPLIER_0_5
            SIO Multiplier Index: 0
            SIO RefSel: VCC_IO
            Required Capabilitites: DIGITAL
            Initial Value: 1
            IO Voltage: 0
        PORT MAP (
            pa_out => \I2C_Slave:scl(0)\__PA ,
            fb => \I2C_Slave:scl_wire\ ,
            pad => \I2C_Slave:scl(0)_PAD\ );
        Properties:
        {
            port_location = "PORT(1,2)"
        }

    Pin : Name = Bootloader_Status(0)
        Attributes:
            In Group/Port: True
            In Sync Option: AUTO
            Out Sync Option: NOSYNC
            Interrupt generated: False
            Interrupt mode: NONE
            Drive mode: CMOS_OUT
            VTrip: EITHER
            Slew: FAST
            Input Sync needed: False
            Output Sync needed: False
            SC shield enabled: False
            POR State: ANY
            LCD Mode: COMMON
            Register Mode: RegComb
            CaSense Mode: NEITHER
            Treat as pin: True
            Is OE Registered: False
            Uses Analog: False
            Can contain Digital: True
            Is SIO: False
            SIO Output Buf: NONREGULATED
            SIO Input Buf: SINGLE_ENDED
            SIO HiFreq: LOW
            SIO Hyst: DISABLED
            SIO Vtrip: MULTIPLIER_0_5
            SIO Multiplier Index: 0
            SIO RefSel: VCC_IO
            Required Capabilitites: DIGITAL
            Initial Value: 0
            IO Voltage: 0
        PORT MAP (
            pa_out => Bootloader_Status(0)__PA ,
            annotation => Net_1782 ,
            pad => Bootloader_Status(0)_PAD );
        Properties:
        {
            port_location = "PORT(0,2)"
        }
    </CYPRESSTAG>
    <CYPRESSTAG name="Macrocell listing" icon="FILE_RPT_EQUATION">
    </CYPRESSTAG>
    <CYPRESSTAG name="Datapath listing">
    </CYPRESSTAG>
    <CYPRESSTAG name="Status register listing">
    </CYPRESSTAG>
    <CYPRESSTAG name="StatusI register listing">
    </CYPRESSTAG>
    <CYPRESSTAG name="Sync listing">
    </CYPRESSTAG>
    <CYPRESSTAG name="Control register listing">
    </CYPRESSTAG>
    <CYPRESSTAG name="Count7 listing">
    </CYPRESSTAG>
    <CYPRESSTAG name="DRQ listing">
    </CYPRESSTAG>
    <CYPRESSTAG name="Interrupt listing">

    ------------------------------------------------------------
    Interrupt listing
    ------------------------------------------------------------

    interrupt: Name =\I2C_Slave:SCB_IRQ\
        PORT MAP (
            interrupt => Net_107 );
        Properties:
        {
            int_type = "10"
            is_nmi = 0
        }
    </CYPRESSTAG>
</CYPRESSTAG>
<CYPRESSTAG name="Technology mapping summary" expanded>

------------------------------------------------------------
Technology mapping summary
------------------------------------------------------------

Resource Type                 : Used : Free :  Max :  % Used
============================================================
Interrupts                    :    1 :    8 :    9 : 11.11 %
IO                            :    3 :    2 :    5 : 60.00 %
CapSense                      :    0 :    1 :    1 :  0.00 %
Serial Communication (SCB)    :    1 :    0 :    1 : 100.00 %
Timer/Counter/PWM             :    0 :    1 :    1 :  0.00 %
Comparator                    :    0 :    1 :    1 :  0.00 %
DAC                           :      :      :      :        
  7-bit IDAC                  :    0 :    1 :    1 :  0.00 %
  8-bit IDAC                  :    0 :    1 :    1 :  0.00 %
</CYPRESSTAG>
Technology Mapping: Elapsed time ==> 0s.000ms
Tech Mapping phase: Elapsed time ==> 0s.001ms
</CYPRESSTAG>
<CYPRESSTAG name="Analog Placement">
<CYPRESSTAG name="Analog Placement">
Elapsed time ==> 0.0180893s
</CYPRESSTAG>
Analog Placement phase: Elapsed time ==> 0s.062ms
</CYPRESSTAG>
<CYPRESSTAG name="Analog Routing">
<CYPRESSTAG name="Analog Routing">
Route success=True, Iterations=1 Elapsed=0.0006330 secs
</CYPRESSTAG>
Analog Routing phase: Elapsed time ==> 0s.000ms
</CYPRESSTAG>
<CYPRESSTAG name="Analog Code Generation">
============ Analog Final Answer Routes ============
Dump of CyAnalogRoutingResultsDB
Map of net to items {
}
Map of item to net {
}
Mux Info {
}
Analog Code Generation phase: Elapsed time ==> 0s.015ms
</CYPRESSTAG>
<CYPRESSTAG name="Digital Placement">
<CYPRESSTAG name="Detailed placement messages">
I2076: Total run-time: 0.0 sec.

</CYPRESSTAG>
<CYPRESSTAG name="PLD Packing">
<CYPRESSTAG name="PLD Packing Summary">
No PLDs were packed.
</CYPRESSTAG>
PLD Packing: Elapsed time ==> 0s.000ms
</CYPRESSTAG>
<CYPRESSTAG name="Partitioning">
<CYPRESSTAG name="Initial Partitioning Summary">
Initial Partitioning Summary not displayed at this verbose level.</CYPRESSTAG>
<CYPRESSTAG name="Final Partitioning Summary">
Final Partitioning Summary not displayed at this verbose level.</CYPRESSTAG>
Partitioning: Elapsed time ==> 0s.015ms
</CYPRESSTAG>
<CYPRESSTAG name="Final Placement Summary">

------------------------------------------------------------
Final Placement Summary
------------------------------------------------------------

       Resource Type :      Count : Avg Inputs : Avg Outputs
    ========================================================
                 UDB :          0 :       0.00 :       0.00
<CYPRESSTAG name="Final Placement Details">
<CYPRESSTAG name="Component Details">

------------------------------------------------------------
Component Placement Details
------------------------------------------------------------
Intr container @ [IntrContainer=(0)]: 
  Intr@ [IntrContainer=(0)][IntrId=(5)] 
    interrupt: Name =\I2C_Slave:SCB_IRQ\
        PORT MAP (
            interrupt => Net_107 );
        Properties:
        {
            int_type = "10"
            is_nmi = 0
        }
Port 0 is empty
Port 1 contains the following IO cells:
[IoId=6]: 
Pin : Name = Bootloader_Status(0)
    Attributes:
        In Group/Port: True
        In Sync Option: AUTO
        Out Sync Option: NOSYNC
        Interrupt generated: False
        Interrupt mode: NONE
        Drive mode: CMOS_OUT
        VTrip: EITHER
        Slew: FAST
        Input Sync needed: False
        Output Sync needed: False
        SC shield enabled: False
        POR State: ANY
        LCD Mode: COMMON
        Register Mode: RegComb
        CaSense Mode: NEITHER
        Treat as pin: True
        Is OE Registered: False
        Uses Analog: False
        Can contain Digital: True
        Is SIO: False
        SIO Output Buf: NONREGULATED
        SIO Input Buf: SINGLE_ENDED
        SIO HiFreq: LOW
        SIO Hyst: DISABLED
        SIO Vtrip: MULTIPLIER_0_5
        SIO Multiplier Index: 0
        SIO RefSel: VCC_IO
        Required Capabilitites: DIGITAL
        Initial Value: 0
        IO Voltage: 0
    PORT MAP (
        pa_out => Bootloader_Status(0)__PA ,
        annotation => Net_1782 ,
        pad => Bootloader_Status(0)_PAD );
    Properties:
    {
        port_location = "PORT(0,2)"
    }

Port 3 contains the following IO cells:
[IoId=0]: 
Pin : Name = \I2C_Slave:sda(0)\
    Attributes:
        In Group/Port: True
        In Sync Option: NOSYNC
        Out Sync Option: NOSYNC
        Interrupt generated: False
        Interrupt mode: NONE
        Drive mode: OPEN_DRAIN_LO
        VTrip: CMOS
        Slew: FAST
        Input Sync needed: False
        Output Sync needed: False
        SC shield enabled: False
        POR State: ANY
        LCD Mode: COMMON
        Register Mode: RegComb
        CaSense Mode: NEITHER
        Treat as pin: True
        Is OE Registered: False
        Uses Analog: False
        Can contain Digital: True
        Is SIO: False
        SIO Output Buf: NONREGULATED
        SIO Input Buf: SINGLE_ENDED
        SIO HiFreq: LOW
        SIO Hyst: DISABLED
        SIO Vtrip: MULTIPLIER_0_5
        SIO Multiplier Index: 0
        SIO RefSel: VCC_IO
        Required Capabilitites: DIGITAL
        Initial Value: 1
        IO Voltage: 0
    PORT MAP (
        pa_out => \I2C_Slave:sda(0)\__PA ,
        fb => \I2C_Slave:sda_wire\ ,
        pad => \I2C_Slave:sda(0)_PAD\ );
    Properties:
    {
        port_location = "PORT(1,3)"
    }

[IoId=1]: 
Pin : Name = \I2C_Slave:scl(0)\
    Attributes:
        In Group/Port: True
        In Sync Option: NOSYNC
        Out Sync Option: NOSYNC
        Interrupt generated: False
        Interrupt mode: NONE
        Drive mode: OPEN_DRAIN_LO
        VTrip: CMOS
        Slew: FAST
        Input Sync needed: False
        Output Sync needed: False
        SC shield enabled: False
        POR State: ANY
        LCD Mode: COMMON
        Register Mode: RegComb
        CaSense Mode: NEITHER
        Treat as pin: True
        Is OE Registered: False
        Uses Analog: False
        Can contain Digital: True
        Is SIO: False
        SIO Output Buf: NONREGULATED
        SIO Input Buf: SINGLE_ENDED
        SIO HiFreq: LOW
        SIO Hyst: DISABLED
        SIO Vtrip: MULTIPLIER_0_5
        SIO Multiplier Index: 0
        SIO RefSel: VCC_IO
        Required Capabilitites: DIGITAL
        Initial Value: 1
        IO Voltage: 0
    PORT MAP (
        pa_out => \I2C_Slave:scl(0)\__PA ,
        fb => \I2C_Slave:scl_wire\ ,
        pad => \I2C_Slave:scl(0)_PAD\ );
    Properties:
    {
        port_location = "PORT(1,2)"
    }

Clock group 0: 
    Clock Block @ F(Clock,0): 
    m0s8clockblockcell: Name =ClockBlock
        PORT MAP (
            hfclk => ClockBlock_HFCLK ,
            imo => ClockBlock_IMO ,
            ext => ClockBlock_EXTCLK ,
            sysclk => ClockBlock_SYSCLK ,
            ilo => ClockBlock_ILO ,
            lfclk => ClockBlock_LFCLK ,
            ff_div_0 => \I2C_Slave:Net_847_ff0\ );
        Properties:
        {
        }
SPC group 0: empty
WDT group 0: empty
Serial Communication (SCB) group 0: 
    SCB Block @ F(SCB,0): 
    m0s8scbcell: Name =\I2C_Slave:SCB\
        PORT MAP (
            clock => \I2C_Slave:Net_847_ff0\ ,
            interrupt => Net_107 ,
            tx => \I2C_Slave:tx_wire\ ,
            rts => \I2C_Slave:rts_wire\ ,
            mosi_m => \I2C_Slave:mosi_m_wire\ ,
            select_m_3 => \I2C_Slave:select_m_wire_3\ ,
            select_m_2 => \I2C_Slave:select_m_wire_2\ ,
            select_m_1 => \I2C_Slave:select_m_wire_1\ ,
            select_m_0 => \I2C_Slave:select_m_wire_0\ ,
            sclk_m => \I2C_Slave:sclk_m_wire\ ,
            miso_s => \I2C_Slave:miso_s_wire\ ,
            scl => \I2C_Slave:scl_wire\ ,
            sda => \I2C_Slave:sda_wire\ ,
            tx_req => Net_110 ,
            rx_req => Net_109 );
        Properties:
        {
            cy_registers = ""
            scb_mode = 0
        }
CapSense group 0: empty
8-bit IDAC group 0: empty
7-bit IDAC group 0: empty
Timer/Counter/PWM group 0: empty
CLK_GEN group 0: 
    M0S8 Clock Gen Block @ F(CLK_GEN,0): 
    m0s8clockgenblockcell: Name =ClockGenBlock
        PORT MAP (
             );
        Properties:
        {
        }
WCO group 0: empty
</CYPRESSTAG>
<CYPRESSTAG name="Port Configuration Details">

------------------------------------------------------------
Port Configuration report
------------------------------------------------------------
     |     |       | Interrupt |                  |                      | 
Port | Pin | Fixed |      Type |       Drive Mode |                 Name | Connections
-----+-----+-------+-----------+------------------+----------------------+-------------------------
   1 |   6 |     * |      NONE |         CMOS_OUT | Bootloader_Status(0) | 
-----+-----+-------+-----------+------------------+----------------------+-------------------------
   3 |   0 |     * |      NONE |    OPEN_DRAIN_LO |   \I2C_Slave:sda(0)\ | FB(\I2C_Slave:sda_wire\)
     |   1 |     * |      NONE |    OPEN_DRAIN_LO |   \I2C_Slave:scl(0)\ | FB(\I2C_Slave:scl_wire\)
---------------------------------------------------------------------------------------------------
</CYPRESSTAG>
</CYPRESSTAG>
</CYPRESSTAG>
Digital component placer commit/Report: Elapsed time ==> 0s.000ms
Digital Placement phase: Elapsed time ==> 0s.112ms
</CYPRESSTAG>
<CYPRESSTAG name="Digital Routing">
Info: pft.M0077: There is no timing information available for the selected device. Static timing checks will not be applied and digital routing will not be timing-driven. (App=cydsfit)
Routing successful.
Digital Routing phase: Elapsed time ==> 0s.062ms
</CYPRESSTAG>
<CYPRESSTAG name="Bitstream Generation">
Bitstream Generation phase: Elapsed time ==> 0s.100ms
</CYPRESSTAG>
<CYPRESSTAG name="Bitstream Verification">
Bitstream Verification phase: Elapsed time ==> 0s.001ms
</CYPRESSTAG>
<CYPRESSTAG name="Static timing analysis">
No timing parameter file available for CY8C4014SXI-420
Static timing analysis phase: Elapsed time ==> 0s.002ms
</CYPRESSTAG>
<CYPRESSTAG name="Data reporting">
Data reporting phase: Elapsed time ==> 0s.000ms
</CYPRESSTAG>
<CYPRESSTAG name="Database update...">
Design database save phase: Elapsed time ==> 0s.124ms
</CYPRESSTAG>
cydsfit: Elapsed time ==> 0s.521ms
</CYPRESSTAG>
Fitter phase: Elapsed time ==> 0s.522ms
API generation phase: Elapsed time ==> 1s.344ms
Dependency generation phase: Elapsed time ==> 0s.015ms
Cleanup phase: Elapsed time ==> 0s.000ms
