--------------- Build Started: 07/19/2017 16:25:02 Project: Bootloader_PSoC4_Example01, Configuration: ARM GCC 4.9-2015-q1-update Release ---------------
cydsfit.exe -.appdatapath "C:\Users\Tim Chen\AppData\Local\Cypress Semiconductor\PSoC Creator\4.0" -.fdsnotice -.fdswarpdepfile=warp_dependencies.txt -.fdselabdepfile=elab_dependencies.txt -.fdsbldfile=generated_files.txt -.fdsreffile=referenced_files.txt -p "F:\BW Data\01 - Project\11 - MH-8W\01 - SW\01 - Release\MH-8W_Proximity_Board\MH-8W_Proximity_Board_V11_20170718\MH-8W_PROXIMITY.cydsn\Bootloader_V01\Bootloader_PSoC4_Example01.cydsn\Bootloader_PSoC4_Example01.cyprj" -d CY8C4014SXI-420 -s "F:\BW Data\01 - Project\11 - MH-8W\01 - SW\01 - Release\MH-8W_Proximity_Board\MH-8W_Proximity_Board_V11_20170718\MH-8W_PROXIMITY.cydsn\Bootloader_V01\Bootloader_PSoC4_Example01.cydsn\Generated_Source\PSoC4" -- -yv2 -q10 -ygs -o2 -v3 -.fftcfgtype=LE
Elaborating Design...
HDL Generation...
Synthesis...
Tech Mapping...
Info: mpr.M0053: Information from the design wide resources Pin Editor has overridden the control file entry for "\I2C_Slave:sda(0)\". (App=cydsfit)
Info: mpr.M0053: Information from the design wide resources Pin Editor has overridden the control file entry for "\I2C_Slave:scl(0)\". (App=cydsfit)
Info: mpr.M0053: Information from the design wide resources Pin Editor has overridden the control file entry for "Bootloader_Status(0)". (App=cydsfit)
Analog Placement...
Analog Routing...
Analog Code Generation...
Digital Placement...
Digital Routing...
Info: pft.M0077: There is no timing information available for the selected device. Static timing checks will not be applied and digital routing will not be timing-driven. (App=cydsfit)
Bitstream Generation...
Bitstream Verification...
Static timing analysis...
API Generation...
Dependency Generation...
Cleanup...
The compile step is up to date, no work needs to be done.
arm-none-eabi-ar.exe -rs .\CortexM0\ARM_GCC_493\Release\Bootloader_PSoC4_Example01.a .\CortexM0\ARM_GCC_493\Release\cyfitter_cfg.o .\CortexM0\ARM_GCC_493\Release\I2C_Slave.o .\CortexM0\ARM_GCC_493\Release\I2C_Slave_I2C_INT.o .\CortexM0\ARM_GCC_493\Release\I2C_Slave_I2C.o .\CortexM0\ARM_GCC_493\Release\I2C_Slave_I2C_BOOT.o .\CortexM0\ARM_GCC_493\Release\I2C_Slave_I2C_SLAVE.o .\CortexM0\ARM_GCC_493\Release\I2C_Slave_PM.o .\CortexM0\ARM_GCC_493\Release\I2C_Slave_BOOT.o .\CortexM0\ARM_GCC_493\Release\Bootloader.o .\CortexM0\ARM_GCC_493\Release\Bootloader_Status.o .\CortexM0\ARM_GCC_493\Release\Bootloader_Status_PM.o .\CortexM0\ARM_GCC_493\Release\I2C_Slave_SCBCLK.o .\CortexM0\ARM_GCC_493\Release\I2C_Slave_sda.o .\CortexM0\ARM_GCC_493\Release\I2C_Slave_sda_PM.o .\CortexM0\ARM_GCC_493\Release\I2C_Slave_scl.o .\CortexM0\ARM_GCC_493\Release\I2C_Slave_scl_PM.o .\CortexM0\ARM_GCC_493\Release\I2C_Slave_SCB_IRQ.o .\CortexM0\ARM_GCC_493\Release\CyFlash.o .\CortexM0\ARM_GCC_493\Release\CyLib.o .\CortexM0\ARM_GCC_493\Release\cyPm.o .\CortexM0\ARM_GCC_493\Release\cyutils.o .\CortexM0\ARM_GCC_493\Release\CyLFClk.o .\CortexM0\ARM_GCC_493\Release\CyBootAsmGnu.o
arm-none-eabi-ar.exe: creating .\CortexM0\ARM_GCC_493\Release\Bootloader_PSoC4_Example01.a
arm-none-eabi-gcc.exe -Wl,--start-group -o .\CortexM0\ARM_GCC_493\Release\Bootloader_PSoC4_Example01.elf .\CortexM0\ARM_GCC_493\Release\main.o .\CortexM0\ARM_GCC_493\Release\cymetadata.o .\CortexM0\ARM_GCC_493\Release\Cm0Start.o .\CortexM0\ARM_GCC_493\Release\Bootloader_PSoC4_Example01.a "C:\Program Files (x86)\Cypress\PSoC Creator\4.0\PSoC Creator\psoc\content\cycomponentlibrary\CyComponentLibrary.cylib\CortexM0\ARM_GCC_493\Release\CyComponentLibrary.a" -mcpu=cortex-m0 -mthumb -g -ffunction-sections -Os -ffat-lto-objects -L Generated_Source\PSoC4 -Wl,-Map,.\CortexM0\ARM_GCC_493\Release/Bootloader_PSoC4_Example01.map -T "F:\BW Data\01 - Project\11 - MH-8W\01 - SW\01 - Release\MH-8W_Proximity_Board\MH-8W_Proximity_Board_V11_20170718\MH-8W_PROXIMITY.cydsn\Bootloader_V01\Bootloader_PSoC4_Example01.cydsn\Generated_Source\PSoC4\cm0gcc.ld" -specs=nano.specs -Wl,--gc-sections -Wl,--end-group
cyelftool.exe -P "F:\BW Data\01 - Project\11 - MH-8W\01 - SW\01 - Release\MH-8W_Proximity_Board\MH-8W_Proximity_Board_V11_20170718\MH-8W_PROXIMITY.cydsn\Bootloader_V01\Bootloader_PSoC4_Example01.cydsn\CortexM0\ARM_GCC_493\Release\Bootloader_PSoC4_Example01.elf" --flash_row_size 64 --flash_size 16384 --size_var_name Bootloader_SizeBytes --checksum_var_name Bootloader_Checksum --ignore 0xC0
cyelftool.exe -S "F:\BW Data\01 - Project\11 - MH-8W\01 - SW\01 - Release\MH-8W_Proximity_Board\MH-8W_Proximity_Board_V11_20170718\MH-8W_PROXIMITY.cydsn\Bootloader_V01\Bootloader_PSoC4_Example01.cydsn\CortexM0\ARM_GCC_493\Release\Bootloader_PSoC4_Example01.elf"
Flash used: 5336 of 16384 bytes (32.6 %). Application: 5272 bytes. Metadata: 64 bytes.
SRAM used: 1740 of 2048 bytes (85.0 %). Stack: 1024 bytes. Heap: 256 bytes.
--------------- Build Succeeded: 07/19/2017 16:25:08 ---------------
