ARM GAS  C:\Users\TIMCHE~1\AppData\Local\Temp\ccYfTh6w.s 			page 1


   1              		.cpu cortex-m0
   2              		.fpu softvfp
   3              		.eabi_attribute 20, 1
   4              		.eabi_attribute 21, 1
   5              		.eabi_attribute 23, 3
   6              		.eabi_attribute 24, 1
   7              		.eabi_attribute 25, 1
   8              		.eabi_attribute 26, 1
   9              		.eabi_attribute 30, 4
  10              		.eabi_attribute 34, 0
  11              		.eabi_attribute 18, 4
  12              		.code	16
  13              		.file	"I2C_Slave_scl.c"
  14              		.text
  15              	.Ltext0:
  16              		.cfi_sections	.debug_frame
  17              		.section	.text.I2C_Slave_scl_SetDriveMode,"ax",%progbits
  18              		.align	1
  19              		.global	I2C_Slave_scl_SetDriveMode
  20              		.code	16
  21              		.thumb_func
  22              		.type	I2C_Slave_scl_SetDriveMode, %function
  23              	I2C_Slave_scl_SetDriveMode:
  24              	.LFB0:
  25              		.file 1 "Generated_Source\\PSoC4\\I2C_Slave_scl.c"
   1:Generated_Source\PSoC4/I2C_Slave_scl.c **** /*******************************************************************************
   2:Generated_Source\PSoC4/I2C_Slave_scl.c **** * File Name: I2C_Slave_scl.c  
   3:Generated_Source\PSoC4/I2C_Slave_scl.c **** * Version 2.20
   4:Generated_Source\PSoC4/I2C_Slave_scl.c **** *
   5:Generated_Source\PSoC4/I2C_Slave_scl.c **** * Description:
   6:Generated_Source\PSoC4/I2C_Slave_scl.c **** *  This file contains API to enable firmware control of a Pins component.
   7:Generated_Source\PSoC4/I2C_Slave_scl.c **** *
   8:Generated_Source\PSoC4/I2C_Slave_scl.c **** ********************************************************************************
   9:Generated_Source\PSoC4/I2C_Slave_scl.c **** * Copyright 2008-2015, Cypress Semiconductor Corporation.  All rights reserved.
  10:Generated_Source\PSoC4/I2C_Slave_scl.c **** * You may use this file only in accordance with the license, terms, conditions, 
  11:Generated_Source\PSoC4/I2C_Slave_scl.c **** * disclaimers, and limitations in the end user license agreement accompanying 
  12:Generated_Source\PSoC4/I2C_Slave_scl.c **** * the software package with which this file was provided.
  13:Generated_Source\PSoC4/I2C_Slave_scl.c **** *******************************************************************************/
  14:Generated_Source\PSoC4/I2C_Slave_scl.c **** 
  15:Generated_Source\PSoC4/I2C_Slave_scl.c **** #include "cytypes.h"
  16:Generated_Source\PSoC4/I2C_Slave_scl.c **** #include "I2C_Slave_scl.h"
  17:Generated_Source\PSoC4/I2C_Slave_scl.c **** 
  18:Generated_Source\PSoC4/I2C_Slave_scl.c **** 
  19:Generated_Source\PSoC4/I2C_Slave_scl.c **** #if defined(I2C_Slave_scl__PC)
  20:Generated_Source\PSoC4/I2C_Slave_scl.c ****     #define I2C_Slave_scl_SetP4PinDriveMode(shift, mode)  \
  21:Generated_Source\PSoC4/I2C_Slave_scl.c ****     do { \
  22:Generated_Source\PSoC4/I2C_Slave_scl.c ****         I2C_Slave_scl_PC =   (I2C_Slave_scl_PC & \
  23:Generated_Source\PSoC4/I2C_Slave_scl.c ****                                 (uint32)(~(uint32)(I2C_Slave_scl_DRIVE_MODE_IND_MASK << \
  24:Generated_Source\PSoC4/I2C_Slave_scl.c ****                                 (I2C_Slave_scl_DRIVE_MODE_BITS * (shift))))) | \
  25:Generated_Source\PSoC4/I2C_Slave_scl.c ****                                 (uint32)((uint32)(mode) << \
  26:Generated_Source\PSoC4/I2C_Slave_scl.c ****                                 (I2C_Slave_scl_DRIVE_MODE_BITS * (shift))); \
  27:Generated_Source\PSoC4/I2C_Slave_scl.c ****     } while (0)
  28:Generated_Source\PSoC4/I2C_Slave_scl.c **** #else
  29:Generated_Source\PSoC4/I2C_Slave_scl.c ****     #if (CY_PSOC4_4200L)
  30:Generated_Source\PSoC4/I2C_Slave_scl.c ****         #define I2C_Slave_scl_SetP4PinDriveMode(shift, mode)  \
  31:Generated_Source\PSoC4/I2C_Slave_scl.c ****         do { \
  32:Generated_Source\PSoC4/I2C_Slave_scl.c ****             I2C_Slave_scl_USBIO_CTRL_REG = (I2C_Slave_scl_USBIO_CTRL_REG & \
ARM GAS  C:\Users\TIMCHE~1\AppData\Local\Temp\ccYfTh6w.s 			page 2


  33:Generated_Source\PSoC4/I2C_Slave_scl.c ****                                     (uint32)(~(uint32)(I2C_Slave_scl_DRIVE_MODE_IND_MASK << \
  34:Generated_Source\PSoC4/I2C_Slave_scl.c ****                                     (I2C_Slave_scl_DRIVE_MODE_BITS * (shift))))) | \
  35:Generated_Source\PSoC4/I2C_Slave_scl.c ****                                     (uint32)((uint32)(mode) << \
  36:Generated_Source\PSoC4/I2C_Slave_scl.c ****                                     (I2C_Slave_scl_DRIVE_MODE_BITS * (shift))); \
  37:Generated_Source\PSoC4/I2C_Slave_scl.c ****         } while (0)
  38:Generated_Source\PSoC4/I2C_Slave_scl.c ****     #endif
  39:Generated_Source\PSoC4/I2C_Slave_scl.c **** #endif
  40:Generated_Source\PSoC4/I2C_Slave_scl.c ****   
  41:Generated_Source\PSoC4/I2C_Slave_scl.c **** 
  42:Generated_Source\PSoC4/I2C_Slave_scl.c **** #if defined(I2C_Slave_scl__PC) || (CY_PSOC4_4200L) 
  43:Generated_Source\PSoC4/I2C_Slave_scl.c ****     /*******************************************************************************
  44:Generated_Source\PSoC4/I2C_Slave_scl.c ****     * Function Name: I2C_Slave_scl_SetDriveMode
  45:Generated_Source\PSoC4/I2C_Slave_scl.c ****     ****************************************************************************//**
  46:Generated_Source\PSoC4/I2C_Slave_scl.c ****     *
  47:Generated_Source\PSoC4/I2C_Slave_scl.c ****     * \brief Sets the drive mode for each of the Pins component's pins.
  48:Generated_Source\PSoC4/I2C_Slave_scl.c ****     * 
  49:Generated_Source\PSoC4/I2C_Slave_scl.c ****     * <b>Note</b> This affects all pins in the Pins component instance. Use the
  50:Generated_Source\PSoC4/I2C_Slave_scl.c ****     * Per-Pin APIs if you wish to control individual pin's drive modes.
  51:Generated_Source\PSoC4/I2C_Slave_scl.c ****     *
  52:Generated_Source\PSoC4/I2C_Slave_scl.c ****     * <b>Note</b> USBIOs have limited drive functionality. Refer to the Drive Mode
  53:Generated_Source\PSoC4/I2C_Slave_scl.c ****     * parameter for more information.
  54:Generated_Source\PSoC4/I2C_Slave_scl.c ****     *
  55:Generated_Source\PSoC4/I2C_Slave_scl.c ****     * \param mode
  56:Generated_Source\PSoC4/I2C_Slave_scl.c ****     *  Mode for the selected signals. Valid options are documented in 
  57:Generated_Source\PSoC4/I2C_Slave_scl.c ****     *  \ref driveMode.
  58:Generated_Source\PSoC4/I2C_Slave_scl.c ****     *
  59:Generated_Source\PSoC4/I2C_Slave_scl.c ****     * \return
  60:Generated_Source\PSoC4/I2C_Slave_scl.c ****     *  None
  61:Generated_Source\PSoC4/I2C_Slave_scl.c ****     *
  62:Generated_Source\PSoC4/I2C_Slave_scl.c ****     * \sideeffect
  63:Generated_Source\PSoC4/I2C_Slave_scl.c ****     *  If you use read-modify-write operations that are not atomic, the ISR can
  64:Generated_Source\PSoC4/I2C_Slave_scl.c ****     *  cause corruption of this function. An ISR that interrupts this function 
  65:Generated_Source\PSoC4/I2C_Slave_scl.c ****     *  and performs writes to the Pins component Drive Mode registers can cause 
  66:Generated_Source\PSoC4/I2C_Slave_scl.c ****     *  corrupted port data. To avoid this issue, you should either use the Per-Pin
  67:Generated_Source\PSoC4/I2C_Slave_scl.c ****     *  APIs (primary method) or disable interrupts around this function.
  68:Generated_Source\PSoC4/I2C_Slave_scl.c ****     *
  69:Generated_Source\PSoC4/I2C_Slave_scl.c ****     * \funcusage
  70:Generated_Source\PSoC4/I2C_Slave_scl.c ****     *  \snippet I2C_Slave_scl_SUT.c usage_I2C_Slave_scl_SetDriveMode
  71:Generated_Source\PSoC4/I2C_Slave_scl.c ****     *******************************************************************************/
  72:Generated_Source\PSoC4/I2C_Slave_scl.c ****     void I2C_Slave_scl_SetDriveMode(uint8 mode)
  73:Generated_Source\PSoC4/I2C_Slave_scl.c ****     {
  26              		.loc 1 73 0
  27              		.cfi_startproc
  28              	.LVL0:
  74:Generated_Source\PSoC4/I2C_Slave_scl.c **** 		I2C_Slave_scl_SetP4PinDriveMode(I2C_Slave_scl__0__SHIFT, mode);
  29              		.loc 1 74 0
  30 0000 3821     		mov	r1, #56
  31 0002 034A     		ldr	r2, .L2
  32 0004 C000     		lsl	r0, r0, #3
  33              	.LVL1:
  34 0006 1368     		ldr	r3, [r2]
  75:Generated_Source\PSoC4/I2C_Slave_scl.c ****     }
  35              		.loc 1 75 0
  36              		@ sp needed
  74:Generated_Source\PSoC4/I2C_Slave_scl.c **** 		I2C_Slave_scl_SetP4PinDriveMode(I2C_Slave_scl__0__SHIFT, mode);
  37              		.loc 1 74 0
  38 0008 8B43     		bic	r3, r1
ARM GAS  C:\Users\TIMCHE~1\AppData\Local\Temp\ccYfTh6w.s 			page 3


  39 000a 1843     		orr	r0, r3
  40 000c 1060     		str	r0, [r2]
  41              		.loc 1 75 0
  42 000e 7047     		bx	lr
  43              	.L3:
  44              		.align	2
  45              	.L2:
  46 0010 08030440 		.word	1074004744
  47              		.cfi_endproc
  48              	.LFE0:
  49              		.size	I2C_Slave_scl_SetDriveMode, .-I2C_Slave_scl_SetDriveMode
  50              		.section	.text.I2C_Slave_scl_Write,"ax",%progbits
  51              		.align	1
  52              		.global	I2C_Slave_scl_Write
  53              		.code	16
  54              		.thumb_func
  55              		.type	I2C_Slave_scl_Write, %function
  56              	I2C_Slave_scl_Write:
  57              	.LFB1:
  76:Generated_Source\PSoC4/I2C_Slave_scl.c **** #endif
  77:Generated_Source\PSoC4/I2C_Slave_scl.c **** 
  78:Generated_Source\PSoC4/I2C_Slave_scl.c **** 
  79:Generated_Source\PSoC4/I2C_Slave_scl.c **** /*******************************************************************************
  80:Generated_Source\PSoC4/I2C_Slave_scl.c **** * Function Name: I2C_Slave_scl_Write
  81:Generated_Source\PSoC4/I2C_Slave_scl.c **** ****************************************************************************//**
  82:Generated_Source\PSoC4/I2C_Slave_scl.c **** *
  83:Generated_Source\PSoC4/I2C_Slave_scl.c **** * \brief Writes the value to the physical port (data output register), masking
  84:Generated_Source\PSoC4/I2C_Slave_scl.c **** *  and shifting the bits appropriately. 
  85:Generated_Source\PSoC4/I2C_Slave_scl.c **** *
  86:Generated_Source\PSoC4/I2C_Slave_scl.c **** * The data output register controls the signal applied to the physical pin in 
  87:Generated_Source\PSoC4/I2C_Slave_scl.c **** * conjunction with the drive mode parameter. This function avoids changing 
  88:Generated_Source\PSoC4/I2C_Slave_scl.c **** * other bits in the port by using the appropriate method (read-modify-write or
  89:Generated_Source\PSoC4/I2C_Slave_scl.c **** * bit banding).
  90:Generated_Source\PSoC4/I2C_Slave_scl.c **** *
  91:Generated_Source\PSoC4/I2C_Slave_scl.c **** * <b>Note</b> This function should not be used on a hardware digital output pin 
  92:Generated_Source\PSoC4/I2C_Slave_scl.c **** * as it is driven by the hardware signal attached to it.
  93:Generated_Source\PSoC4/I2C_Slave_scl.c **** *
  94:Generated_Source\PSoC4/I2C_Slave_scl.c **** * \param value
  95:Generated_Source\PSoC4/I2C_Slave_scl.c **** *  Value to write to the component instance.
  96:Generated_Source\PSoC4/I2C_Slave_scl.c **** *
  97:Generated_Source\PSoC4/I2C_Slave_scl.c **** * \return 
  98:Generated_Source\PSoC4/I2C_Slave_scl.c **** *  None 
  99:Generated_Source\PSoC4/I2C_Slave_scl.c **** *
 100:Generated_Source\PSoC4/I2C_Slave_scl.c **** * \sideeffect
 101:Generated_Source\PSoC4/I2C_Slave_scl.c **** *  If you use read-modify-write operations that are not atomic; the Interrupt 
 102:Generated_Source\PSoC4/I2C_Slave_scl.c **** *  Service Routines (ISR) can cause corruption of this function. An ISR that 
 103:Generated_Source\PSoC4/I2C_Slave_scl.c **** *  interrupts this function and performs writes to the Pins component data 
 104:Generated_Source\PSoC4/I2C_Slave_scl.c **** *  register can cause corrupted port data. To avoid this issue, you should 
 105:Generated_Source\PSoC4/I2C_Slave_scl.c **** *  either use the Per-Pin APIs (primary method) or disable interrupts around 
 106:Generated_Source\PSoC4/I2C_Slave_scl.c **** *  this function.
 107:Generated_Source\PSoC4/I2C_Slave_scl.c **** *
 108:Generated_Source\PSoC4/I2C_Slave_scl.c **** * \funcusage
 109:Generated_Source\PSoC4/I2C_Slave_scl.c **** *  \snippet I2C_Slave_scl_SUT.c usage_I2C_Slave_scl_Write
 110:Generated_Source\PSoC4/I2C_Slave_scl.c **** *******************************************************************************/
 111:Generated_Source\PSoC4/I2C_Slave_scl.c **** void I2C_Slave_scl_Write(uint8 value)
 112:Generated_Source\PSoC4/I2C_Slave_scl.c **** {
  58              		.loc 1 112 0
ARM GAS  C:\Users\TIMCHE~1\AppData\Local\Temp\ccYfTh6w.s 			page 4


  59              		.cfi_startproc
  60              	.LVL2:
 113:Generated_Source\PSoC4/I2C_Slave_scl.c ****     uint8 drVal = (uint8)(I2C_Slave_scl_DR & (uint8)(~I2C_Slave_scl_MASK));
  61              		.loc 1 113 0
  62 0000 0223     		mov	r3, #2
  63 0002 0449     		ldr	r1, .L5
 114:Generated_Source\PSoC4/I2C_Slave_scl.c ****     drVal = (drVal | ((uint8)(value << I2C_Slave_scl_SHIFT) & I2C_Slave_scl_MASK));
  64              		.loc 1 114 0
  65 0004 4000     		lsl	r0, r0, #1
  66              	.LVL3:
 113:Generated_Source\PSoC4/I2C_Slave_scl.c ****     uint8 drVal = (uint8)(I2C_Slave_scl_DR & (uint8)(~I2C_Slave_scl_MASK));
  67              		.loc 1 113 0
  68 0006 0A68     		ldr	r2, [r1]
 115:Generated_Source\PSoC4/I2C_Slave_scl.c ****     I2C_Slave_scl_DR = (uint32)drVal;
 116:Generated_Source\PSoC4/I2C_Slave_scl.c **** }
  69              		.loc 1 116 0
  70              		@ sp needed
 113:Generated_Source\PSoC4/I2C_Slave_scl.c ****     drVal = (drVal | ((uint8)(value << I2C_Slave_scl_SHIFT) & I2C_Slave_scl_MASK));
  71              		.loc 1 113 0
  72 0008 9A43     		bic	r2, r3
  73 000a D2B2     		uxtb	r2, r2
 114:Generated_Source\PSoC4/I2C_Slave_scl.c ****     drVal = (drVal | ((uint8)(value << I2C_Slave_scl_SHIFT) & I2C_Slave_scl_MASK));
  74              		.loc 1 114 0
  75 000c 0340     		and	r3, r0
 115:Generated_Source\PSoC4/I2C_Slave_scl.c ****     I2C_Slave_scl_DR = (uint32)drVal;
  76              		.loc 1 115 0
  77 000e 1343     		orr	r3, r2
  78 0010 0B60     		str	r3, [r1]
  79              		.loc 1 116 0
  80 0012 7047     		bx	lr
  81              	.L6:
  82              		.align	2
  83              	.L5:
  84 0014 00030440 		.word	1074004736
  85              		.cfi_endproc
  86              	.LFE1:
  87              		.size	I2C_Slave_scl_Write, .-I2C_Slave_scl_Write
  88              		.section	.text.I2C_Slave_scl_Read,"ax",%progbits
  89              		.align	1
  90              		.global	I2C_Slave_scl_Read
  91              		.code	16
  92              		.thumb_func
  93              		.type	I2C_Slave_scl_Read, %function
  94              	I2C_Slave_scl_Read:
  95              	.LFB2:
 117:Generated_Source\PSoC4/I2C_Slave_scl.c **** 
 118:Generated_Source\PSoC4/I2C_Slave_scl.c **** 
 119:Generated_Source\PSoC4/I2C_Slave_scl.c **** /*******************************************************************************
 120:Generated_Source\PSoC4/I2C_Slave_scl.c **** * Function Name: I2C_Slave_scl_Read
 121:Generated_Source\PSoC4/I2C_Slave_scl.c **** ****************************************************************************//**
 122:Generated_Source\PSoC4/I2C_Slave_scl.c **** *
 123:Generated_Source\PSoC4/I2C_Slave_scl.c **** * \brief Reads the associated physical port (pin status register) and masks 
 124:Generated_Source\PSoC4/I2C_Slave_scl.c **** *  the required bits according to the width and bit position of the component
 125:Generated_Source\PSoC4/I2C_Slave_scl.c **** *  instance. 
 126:Generated_Source\PSoC4/I2C_Slave_scl.c **** *
 127:Generated_Source\PSoC4/I2C_Slave_scl.c **** * The pin's status register returns the current logic level present on the 
 128:Generated_Source\PSoC4/I2C_Slave_scl.c **** * physical pin.
ARM GAS  C:\Users\TIMCHE~1\AppData\Local\Temp\ccYfTh6w.s 			page 5


 129:Generated_Source\PSoC4/I2C_Slave_scl.c **** *
 130:Generated_Source\PSoC4/I2C_Slave_scl.c **** * \return 
 131:Generated_Source\PSoC4/I2C_Slave_scl.c **** *  The current value for the pins in the component as a right justified number.
 132:Generated_Source\PSoC4/I2C_Slave_scl.c **** *
 133:Generated_Source\PSoC4/I2C_Slave_scl.c **** * \funcusage
 134:Generated_Source\PSoC4/I2C_Slave_scl.c **** *  \snippet I2C_Slave_scl_SUT.c usage_I2C_Slave_scl_Read  
 135:Generated_Source\PSoC4/I2C_Slave_scl.c **** *******************************************************************************/
 136:Generated_Source\PSoC4/I2C_Slave_scl.c **** uint8 I2C_Slave_scl_Read(void)
 137:Generated_Source\PSoC4/I2C_Slave_scl.c **** {
  96              		.loc 1 137 0
  97              		.cfi_startproc
 138:Generated_Source\PSoC4/I2C_Slave_scl.c ****     return (uint8)((I2C_Slave_scl_PS & I2C_Slave_scl_MASK) >> I2C_Slave_scl_SHIFT);
  98              		.loc 1 138 0
  99 0000 024B     		ldr	r3, .L8
 139:Generated_Source\PSoC4/I2C_Slave_scl.c **** }
 100              		.loc 1 139 0
 101              		@ sp needed
 138:Generated_Source\PSoC4/I2C_Slave_scl.c ****     return (uint8)((I2C_Slave_scl_PS & I2C_Slave_scl_MASK) >> I2C_Slave_scl_SHIFT);
 102              		.loc 1 138 0
 103 0002 1868     		ldr	r0, [r3]
 104 0004 8007     		lsl	r0, r0, #30
 105 0006 C00F     		lsr	r0, r0, #31
 106              		.loc 1 139 0
 107 0008 7047     		bx	lr
 108              	.L9:
 109 000a C046     		.align	2
 110              	.L8:
 111 000c 04030440 		.word	1074004740
 112              		.cfi_endproc
 113              	.LFE2:
 114              		.size	I2C_Slave_scl_Read, .-I2C_Slave_scl_Read
 115              		.section	.text.I2C_Slave_scl_ReadDataReg,"ax",%progbits
 116              		.align	1
 117              		.global	I2C_Slave_scl_ReadDataReg
 118              		.code	16
 119              		.thumb_func
 120              		.type	I2C_Slave_scl_ReadDataReg, %function
 121              	I2C_Slave_scl_ReadDataReg:
 122              	.LFB3:
 140:Generated_Source\PSoC4/I2C_Slave_scl.c **** 
 141:Generated_Source\PSoC4/I2C_Slave_scl.c **** 
 142:Generated_Source\PSoC4/I2C_Slave_scl.c **** /*******************************************************************************
 143:Generated_Source\PSoC4/I2C_Slave_scl.c **** * Function Name: I2C_Slave_scl_ReadDataReg
 144:Generated_Source\PSoC4/I2C_Slave_scl.c **** ****************************************************************************//**
 145:Generated_Source\PSoC4/I2C_Slave_scl.c **** *
 146:Generated_Source\PSoC4/I2C_Slave_scl.c **** * \brief Reads the associated physical port's data output register and masks 
 147:Generated_Source\PSoC4/I2C_Slave_scl.c **** *  the correct bits according to the width and bit position of the component 
 148:Generated_Source\PSoC4/I2C_Slave_scl.c **** *  instance. 
 149:Generated_Source\PSoC4/I2C_Slave_scl.c **** *
 150:Generated_Source\PSoC4/I2C_Slave_scl.c **** * The data output register controls the signal applied to the physical pin in 
 151:Generated_Source\PSoC4/I2C_Slave_scl.c **** * conjunction with the drive mode parameter. This is not the same as the 
 152:Generated_Source\PSoC4/I2C_Slave_scl.c **** * preferred I2C_Slave_scl_Read() API because the 
 153:Generated_Source\PSoC4/I2C_Slave_scl.c **** * I2C_Slave_scl_ReadDataReg() reads the data register instead of the status 
 154:Generated_Source\PSoC4/I2C_Slave_scl.c **** * register. For output pins this is a useful function to determine the value 
 155:Generated_Source\PSoC4/I2C_Slave_scl.c **** * just written to the pin.
 156:Generated_Source\PSoC4/I2C_Slave_scl.c **** *
 157:Generated_Source\PSoC4/I2C_Slave_scl.c **** * \return 
ARM GAS  C:\Users\TIMCHE~1\AppData\Local\Temp\ccYfTh6w.s 			page 6


 158:Generated_Source\PSoC4/I2C_Slave_scl.c **** *  The current value of the data register masked and shifted into a right 
 159:Generated_Source\PSoC4/I2C_Slave_scl.c **** *  justified number for the component instance.
 160:Generated_Source\PSoC4/I2C_Slave_scl.c **** *
 161:Generated_Source\PSoC4/I2C_Slave_scl.c **** * \funcusage
 162:Generated_Source\PSoC4/I2C_Slave_scl.c **** *  \snippet I2C_Slave_scl_SUT.c usage_I2C_Slave_scl_ReadDataReg 
 163:Generated_Source\PSoC4/I2C_Slave_scl.c **** *******************************************************************************/
 164:Generated_Source\PSoC4/I2C_Slave_scl.c **** uint8 I2C_Slave_scl_ReadDataReg(void)
 165:Generated_Source\PSoC4/I2C_Slave_scl.c **** {
 123              		.loc 1 165 0
 124              		.cfi_startproc
 166:Generated_Source\PSoC4/I2C_Slave_scl.c ****     return (uint8)((I2C_Slave_scl_DR & I2C_Slave_scl_MASK) >> I2C_Slave_scl_SHIFT);
 125              		.loc 1 166 0
 126 0000 024B     		ldr	r3, .L11
 167:Generated_Source\PSoC4/I2C_Slave_scl.c **** }
 127              		.loc 1 167 0
 128              		@ sp needed
 166:Generated_Source\PSoC4/I2C_Slave_scl.c ****     return (uint8)((I2C_Slave_scl_DR & I2C_Slave_scl_MASK) >> I2C_Slave_scl_SHIFT);
 129              		.loc 1 166 0
 130 0002 1868     		ldr	r0, [r3]
 131 0004 8007     		lsl	r0, r0, #30
 132 0006 C00F     		lsr	r0, r0, #31
 133              		.loc 1 167 0
 134 0008 7047     		bx	lr
 135              	.L12:
 136 000a C046     		.align	2
 137              	.L11:
 138 000c 00030440 		.word	1074004736
 139              		.cfi_endproc
 140              	.LFE3:
 141              		.size	I2C_Slave_scl_ReadDataReg, .-I2C_Slave_scl_ReadDataReg
 142              		.section	.text.I2C_Slave_scl_SetInterruptMode,"ax",%progbits
 143              		.align	1
 144              		.global	I2C_Slave_scl_SetInterruptMode
 145              		.code	16
 146              		.thumb_func
 147              		.type	I2C_Slave_scl_SetInterruptMode, %function
 148              	I2C_Slave_scl_SetInterruptMode:
 149              	.LFB4:
 168:Generated_Source\PSoC4/I2C_Slave_scl.c **** 
 169:Generated_Source\PSoC4/I2C_Slave_scl.c **** 
 170:Generated_Source\PSoC4/I2C_Slave_scl.c **** /*******************************************************************************
 171:Generated_Source\PSoC4/I2C_Slave_scl.c **** * Function Name: I2C_Slave_scl_SetInterruptMode
 172:Generated_Source\PSoC4/I2C_Slave_scl.c **** ****************************************************************************//**
 173:Generated_Source\PSoC4/I2C_Slave_scl.c **** *
 174:Generated_Source\PSoC4/I2C_Slave_scl.c **** * \brief Configures the interrupt mode for each of the Pins component's
 175:Generated_Source\PSoC4/I2C_Slave_scl.c **** *  pins. Alternatively you may set the interrupt mode for all the pins
 176:Generated_Source\PSoC4/I2C_Slave_scl.c **** *  specified in the Pins component.
 177:Generated_Source\PSoC4/I2C_Slave_scl.c **** *
 178:Generated_Source\PSoC4/I2C_Slave_scl.c **** *  <b>Note</b> The interrupt is port-wide and therefore any enabled pin
 179:Generated_Source\PSoC4/I2C_Slave_scl.c **** *  interrupt may trigger it.
 180:Generated_Source\PSoC4/I2C_Slave_scl.c **** *
 181:Generated_Source\PSoC4/I2C_Slave_scl.c **** * \param position
 182:Generated_Source\PSoC4/I2C_Slave_scl.c **** *  The pin position as listed in the Pins component. You may OR these to be 
 183:Generated_Source\PSoC4/I2C_Slave_scl.c **** *  able to configure the interrupt mode of multiple pins within a Pins 
 184:Generated_Source\PSoC4/I2C_Slave_scl.c **** *  component. Or you may use I2C_Slave_scl_INTR_ALL to configure the
 185:Generated_Source\PSoC4/I2C_Slave_scl.c **** *  interrupt mode of all the pins in the Pins component.       
 186:Generated_Source\PSoC4/I2C_Slave_scl.c **** *  - I2C_Slave_scl_0_INTR       (First pin in the list)
ARM GAS  C:\Users\TIMCHE~1\AppData\Local\Temp\ccYfTh6w.s 			page 7


 187:Generated_Source\PSoC4/I2C_Slave_scl.c **** *  - I2C_Slave_scl_1_INTR       (Second pin in the list)
 188:Generated_Source\PSoC4/I2C_Slave_scl.c **** *  - ...
 189:Generated_Source\PSoC4/I2C_Slave_scl.c **** *  - I2C_Slave_scl_INTR_ALL     (All pins in Pins component)
 190:Generated_Source\PSoC4/I2C_Slave_scl.c **** *
 191:Generated_Source\PSoC4/I2C_Slave_scl.c **** * \param mode
 192:Generated_Source\PSoC4/I2C_Slave_scl.c **** *  Interrupt mode for the selected pins. Valid options are documented in
 193:Generated_Source\PSoC4/I2C_Slave_scl.c **** *  \ref intrMode.
 194:Generated_Source\PSoC4/I2C_Slave_scl.c **** *
 195:Generated_Source\PSoC4/I2C_Slave_scl.c **** * \return 
 196:Generated_Source\PSoC4/I2C_Slave_scl.c **** *  None
 197:Generated_Source\PSoC4/I2C_Slave_scl.c **** *  
 198:Generated_Source\PSoC4/I2C_Slave_scl.c **** * \sideeffect
 199:Generated_Source\PSoC4/I2C_Slave_scl.c **** *  It is recommended that the interrupt be disabled before calling this 
 200:Generated_Source\PSoC4/I2C_Slave_scl.c **** *  function to avoid unintended interrupt requests. Note that the interrupt
 201:Generated_Source\PSoC4/I2C_Slave_scl.c **** *  type is port wide, and therefore will trigger for any enabled pin on the 
 202:Generated_Source\PSoC4/I2C_Slave_scl.c **** *  port.
 203:Generated_Source\PSoC4/I2C_Slave_scl.c **** *
 204:Generated_Source\PSoC4/I2C_Slave_scl.c **** * \funcusage
 205:Generated_Source\PSoC4/I2C_Slave_scl.c **** *  \snippet I2C_Slave_scl_SUT.c usage_I2C_Slave_scl_SetInterruptMode
 206:Generated_Source\PSoC4/I2C_Slave_scl.c **** *******************************************************************************/
 207:Generated_Source\PSoC4/I2C_Slave_scl.c **** void I2C_Slave_scl_SetInterruptMode(uint16 position, uint16 mode)
 208:Generated_Source\PSoC4/I2C_Slave_scl.c **** {
 150              		.loc 1 208 0
 151              		.cfi_startproc
 152              	.LVL4:
 209:Generated_Source\PSoC4/I2C_Slave_scl.c ****     uint32 intrCfg;
 210:Generated_Source\PSoC4/I2C_Slave_scl.c ****     
 211:Generated_Source\PSoC4/I2C_Slave_scl.c ****     intrCfg =  I2C_Slave_scl_INTCFG & (uint32)(~(uint32)position);
 153              		.loc 1 211 0
 154 0000 034A     		ldr	r2, .L14
 212:Generated_Source\PSoC4/I2C_Slave_scl.c ****     I2C_Slave_scl_INTCFG = intrCfg | ((uint32)position & (uint32)mode);
 213:Generated_Source\PSoC4/I2C_Slave_scl.c **** }
 155              		.loc 1 213 0
 156              		@ sp needed
 211:Generated_Source\PSoC4/I2C_Slave_scl.c ****     I2C_Slave_scl_INTCFG = intrCfg | ((uint32)position & (uint32)mode);
 157              		.loc 1 211 0
 158 0002 1368     		ldr	r3, [r2]
 159              	.LVL5:
 160 0004 8343     		bic	r3, r0
 161              	.LVL6:
 212:Generated_Source\PSoC4/I2C_Slave_scl.c ****     I2C_Slave_scl_INTCFG = intrCfg | ((uint32)position & (uint32)mode);
 162              		.loc 1 212 0
 163 0006 0840     		and	r0, r1
 164              	.LVL7:
 165 0008 1843     		orr	r0, r3
 166 000a 1060     		str	r0, [r2]
 167              		.loc 1 213 0
 168 000c 7047     		bx	lr
 169              	.L15:
 170 000e C046     		.align	2
 171              	.L14:
 172 0010 0C030440 		.word	1074004748
 173              		.cfi_endproc
 174              	.LFE4:
 175              		.size	I2C_Slave_scl_SetInterruptMode, .-I2C_Slave_scl_SetInterruptMode
 176              		.section	.text.I2C_Slave_scl_ClearInterrupt,"ax",%progbits
 177              		.align	1
ARM GAS  C:\Users\TIMCHE~1\AppData\Local\Temp\ccYfTh6w.s 			page 8


 178              		.global	I2C_Slave_scl_ClearInterrupt
 179              		.code	16
 180              		.thumb_func
 181              		.type	I2C_Slave_scl_ClearInterrupt, %function
 182              	I2C_Slave_scl_ClearInterrupt:
 183              	.LFB5:
 214:Generated_Source\PSoC4/I2C_Slave_scl.c **** 
 215:Generated_Source\PSoC4/I2C_Slave_scl.c **** 
 216:Generated_Source\PSoC4/I2C_Slave_scl.c **** /*******************************************************************************
 217:Generated_Source\PSoC4/I2C_Slave_scl.c **** * Function Name: I2C_Slave_scl_ClearInterrupt
 218:Generated_Source\PSoC4/I2C_Slave_scl.c **** ****************************************************************************//**
 219:Generated_Source\PSoC4/I2C_Slave_scl.c **** *
 220:Generated_Source\PSoC4/I2C_Slave_scl.c **** * \brief Clears any active interrupts attached with the component and returns 
 221:Generated_Source\PSoC4/I2C_Slave_scl.c **** *  the value of the interrupt status register allowing determination of which
 222:Generated_Source\PSoC4/I2C_Slave_scl.c **** *  pins generated an interrupt event.
 223:Generated_Source\PSoC4/I2C_Slave_scl.c **** *
 224:Generated_Source\PSoC4/I2C_Slave_scl.c **** * \return 
 225:Generated_Source\PSoC4/I2C_Slave_scl.c **** *  The right-shifted current value of the interrupt status register. Each pin 
 226:Generated_Source\PSoC4/I2C_Slave_scl.c **** *  has one bit set if it generated an interrupt event. For example, bit 0 is 
 227:Generated_Source\PSoC4/I2C_Slave_scl.c **** *  for pin 0 and bit 1 is for pin 1 of the Pins component.
 228:Generated_Source\PSoC4/I2C_Slave_scl.c **** *  
 229:Generated_Source\PSoC4/I2C_Slave_scl.c **** * \sideeffect
 230:Generated_Source\PSoC4/I2C_Slave_scl.c **** *  Clears all bits of the physical port's interrupt status register, not just
 231:Generated_Source\PSoC4/I2C_Slave_scl.c **** *  those associated with the Pins component.
 232:Generated_Source\PSoC4/I2C_Slave_scl.c **** *
 233:Generated_Source\PSoC4/I2C_Slave_scl.c **** * \funcusage
 234:Generated_Source\PSoC4/I2C_Slave_scl.c **** *  \snippet I2C_Slave_scl_SUT.c usage_I2C_Slave_scl_ClearInterrupt
 235:Generated_Source\PSoC4/I2C_Slave_scl.c **** *******************************************************************************/
 236:Generated_Source\PSoC4/I2C_Slave_scl.c **** uint8 I2C_Slave_scl_ClearInterrupt(void)
 237:Generated_Source\PSoC4/I2C_Slave_scl.c **** {
 184              		.loc 1 237 0
 185              		.cfi_startproc
 238:Generated_Source\PSoC4/I2C_Slave_scl.c **** 	uint8 maskedStatus = (uint8)(I2C_Slave_scl_INTSTAT & I2C_Slave_scl_MASK);
 186              		.loc 1 238 0
 187 0000 0223     		mov	r3, #2
 188 0002 034A     		ldr	r2, .L17
 239:Generated_Source\PSoC4/I2C_Slave_scl.c **** 	I2C_Slave_scl_INTSTAT = maskedStatus;
 240:Generated_Source\PSoC4/I2C_Slave_scl.c ****     return maskedStatus >> I2C_Slave_scl_SHIFT;
 241:Generated_Source\PSoC4/I2C_Slave_scl.c **** }
 189              		.loc 1 241 0
 190              		@ sp needed
 238:Generated_Source\PSoC4/I2C_Slave_scl.c **** 	uint8 maskedStatus = (uint8)(I2C_Slave_scl_INTSTAT & I2C_Slave_scl_MASK);
 191              		.loc 1 238 0
 192 0004 1068     		ldr	r0, [r2]
 193 0006 1840     		and	r0, r3
 194              	.LVL8:
 239:Generated_Source\PSoC4/I2C_Slave_scl.c **** 	I2C_Slave_scl_INTSTAT = maskedStatus;
 195              		.loc 1 239 0
 196 0008 1060     		str	r0, [r2]
 240:Generated_Source\PSoC4/I2C_Slave_scl.c **** }
 197              		.loc 1 240 0
 198 000a 4008     		lsr	r0, r0, #1
 199              	.LVL9:
 200 000c C0B2     		uxtb	r0, r0
 201              		.loc 1 241 0
 202 000e 7047     		bx	lr
 203              	.L18:
ARM GAS  C:\Users\TIMCHE~1\AppData\Local\Temp\ccYfTh6w.s 			page 9


 204              		.align	2
 205              	.L17:
 206 0010 10030440 		.word	1074004752
 207              		.cfi_endproc
 208              	.LFE5:
 209              		.size	I2C_Slave_scl_ClearInterrupt, .-I2C_Slave_scl_ClearInterrupt
 210              		.text
 211              	.Letext0:
 212              		.file 2 "Generated_Source\\PSoC4\\cytypes.h"
 213              		.section	.debug_info,"",%progbits
 214              	.Ldebug_info0:
 215 0000 97010000 		.4byte	0x197
 216 0004 0400     		.2byte	0x4
 217 0006 00000000 		.4byte	.Ldebug_abbrev0
 218 000a 04       		.byte	0x4
 219 000b 01       		.uleb128 0x1
 220 000c 06000000 		.4byte	.LASF27
 221 0010 01       		.byte	0x1
 222 0011 B2010000 		.4byte	.LASF28
 223 0015 A1000000 		.4byte	.LASF29
 224 0019 00000000 		.4byte	.Ldebug_ranges0+0
 225 001d 00000000 		.4byte	0
 226 0021 00000000 		.4byte	.Ldebug_line0
 227 0025 02       		.uleb128 0x2
 228 0026 01       		.byte	0x1
 229 0027 06       		.byte	0x6
 230 0028 BD020000 		.4byte	.LASF0
 231 002c 02       		.uleb128 0x2
 232 002d 01       		.byte	0x1
 233 002e 08       		.byte	0x8
 234 002f 79010000 		.4byte	.LASF1
 235 0033 02       		.uleb128 0x2
 236 0034 02       		.byte	0x2
 237 0035 05       		.byte	0x5
 238 0036 5E020000 		.4byte	.LASF2
 239 003a 02       		.uleb128 0x2
 240 003b 02       		.byte	0x2
 241 003c 07       		.byte	0x7
 242 003d 9F010000 		.4byte	.LASF3
 243 0041 02       		.uleb128 0x2
 244 0042 04       		.byte	0x4
 245 0043 05       		.byte	0x5
 246 0044 A1020000 		.4byte	.LASF4
 247 0048 02       		.uleb128 0x2
 248 0049 04       		.byte	0x4
 249 004a 07       		.byte	0x7
 250 004b 8D010000 		.4byte	.LASF5
 251 004f 02       		.uleb128 0x2
 252 0050 08       		.byte	0x8
 253 0051 05       		.byte	0x5
 254 0052 3E020000 		.4byte	.LASF6
 255 0056 02       		.uleb128 0x2
 256 0057 08       		.byte	0x8
 257 0058 07       		.byte	0x7
 258 0059 22020000 		.4byte	.LASF7
 259 005d 03       		.uleb128 0x3
 260 005e 04       		.byte	0x4
ARM GAS  C:\Users\TIMCHE~1\AppData\Local\Temp\ccYfTh6w.s 			page 10


 261 005f 05       		.byte	0x5
 262 0060 696E7400 		.ascii	"int\000"
 263 0064 02       		.uleb128 0x2
 264 0065 04       		.byte	0x4
 265 0066 07       		.byte	0x7
 266 0067 15020000 		.4byte	.LASF8
 267 006b 04       		.uleb128 0x4
 268 006c 68020000 		.4byte	.LASF9
 269 0070 02       		.byte	0x2
 270 0071 B901     		.2byte	0x1b9
 271 0073 2C000000 		.4byte	0x2c
 272 0077 04       		.uleb128 0x4
 273 0078 F6010000 		.4byte	.LASF10
 274 007c 02       		.byte	0x2
 275 007d BA01     		.2byte	0x1ba
 276 007f 3A000000 		.4byte	0x3a
 277 0083 04       		.uleb128 0x4
 278 0084 06020000 		.4byte	.LASF11
 279 0088 02       		.byte	0x2
 280 0089 BB01     		.2byte	0x1bb
 281 008b 48000000 		.4byte	0x48
 282 008f 02       		.uleb128 0x2
 283 0090 04       		.byte	0x4
 284 0091 04       		.byte	0x4
 285 0092 73010000 		.4byte	.LASF12
 286 0096 02       		.uleb128 0x2
 287 0097 08       		.byte	0x8
 288 0098 04       		.byte	0x4
 289 0099 9A000000 		.4byte	.LASF13
 290 009d 02       		.uleb128 0x2
 291 009e 01       		.byte	0x1
 292 009f 08       		.byte	0x8
 293 00a0 59020000 		.4byte	.LASF14
 294 00a4 04       		.uleb128 0x4
 295 00a5 00000000 		.4byte	.LASF15
 296 00a9 02       		.byte	0x2
 297 00aa 6502     		.2byte	0x265
 298 00ac B0000000 		.4byte	0xb0
 299 00b0 05       		.uleb128 0x5
 300 00b1 83000000 		.4byte	0x83
 301 00b5 06       		.uleb128 0x6
 302 00b6 58010000 		.4byte	.LASF16
 303 00ba 01       		.byte	0x1
 304 00bb 48       		.byte	0x48
 305 00bc 00000000 		.4byte	.LFB0
 306 00c0 14000000 		.4byte	.LFE0-.LFB0
 307 00c4 01       		.uleb128 0x1
 308 00c5 9C       		.byte	0x9c
 309 00c6 DA000000 		.4byte	0xda
 310 00ca 07       		.uleb128 0x7
 311 00cb 39020000 		.4byte	.LASF18
 312 00cf 01       		.byte	0x1
 313 00d0 48       		.byte	0x48
 314 00d1 6B000000 		.4byte	0x6b
 315 00d5 00000000 		.4byte	.LLST0
 316 00d9 00       		.byte	0
 317 00da 06       		.uleb128 0x6
ARM GAS  C:\Users\TIMCHE~1\AppData\Local\Temp\ccYfTh6w.s 			page 11


 318 00db 8D020000 		.4byte	.LASF17
 319 00df 01       		.byte	0x1
 320 00e0 6F       		.byte	0x6f
 321 00e1 00000000 		.4byte	.LFB1
 322 00e5 18000000 		.4byte	.LFE1-.LFB1
 323 00e9 01       		.uleb128 0x1
 324 00ea 9C       		.byte	0x9c
 325 00eb 0A010000 		.4byte	0x10a
 326 00ef 07       		.uleb128 0x7
 327 00f0 94000000 		.4byte	.LASF19
 328 00f4 01       		.byte	0x1
 329 00f5 6F       		.byte	0x6f
 330 00f6 6B000000 		.4byte	0x6b
 331 00fa 21000000 		.4byte	.LLST1
 332 00fe 08       		.uleb128 0x8
 333 00ff 87010000 		.4byte	.LASF30
 334 0103 01       		.byte	0x1
 335 0104 71       		.byte	0x71
 336 0105 6B000000 		.4byte	0x6b
 337 0109 00       		.byte	0
 338 010a 09       		.uleb128 0x9
 339 010b AA020000 		.4byte	.LASF20
 340 010f 01       		.byte	0x1
 341 0110 88       		.byte	0x88
 342 0111 6B000000 		.4byte	0x6b
 343 0115 00000000 		.4byte	.LFB2
 344 0119 10000000 		.4byte	.LFE2-.LFB2
 345 011d 01       		.uleb128 0x1
 346 011e 9C       		.byte	0x9c
 347 011f 09       		.uleb128 0x9
 348 0120 3E010000 		.4byte	.LASF21
 349 0124 01       		.byte	0x1
 350 0125 A4       		.byte	0xa4
 351 0126 6B000000 		.4byte	0x6b
 352 012a 00000000 		.4byte	.LFB3
 353 012e 10000000 		.4byte	.LFE3-.LFB3
 354 0132 01       		.uleb128 0x1
 355 0133 9C       		.byte	0x9c
 356 0134 06       		.uleb128 0x6
 357 0135 6E020000 		.4byte	.LASF22
 358 0139 01       		.byte	0x1
 359 013a CF       		.byte	0xcf
 360 013b 00000000 		.4byte	.LFB4
 361 013f 14000000 		.4byte	.LFE4-.LFB4
 362 0143 01       		.uleb128 0x1
 363 0144 9C       		.byte	0x9c
 364 0145 75010000 		.4byte	0x175
 365 0149 07       		.uleb128 0x7
 366 014a FD010000 		.4byte	.LASF23
 367 014e 01       		.byte	0x1
 368 014f CF       		.byte	0xcf
 369 0150 77000000 		.4byte	0x77
 370 0154 42000000 		.4byte	.LLST2
 371 0158 0A       		.uleb128 0xa
 372 0159 39020000 		.4byte	.LASF18
 373 015d 01       		.byte	0x1
 374 015e CF       		.byte	0xcf
ARM GAS  C:\Users\TIMCHE~1\AppData\Local\Temp\ccYfTh6w.s 			page 12


 375 015f 77000000 		.4byte	0x77
 376 0163 01       		.uleb128 0x1
 377 0164 51       		.byte	0x51
 378 0165 0B       		.uleb128 0xb
 379 0166 0D020000 		.4byte	.LASF25
 380 016a 01       		.byte	0x1
 381 016b D1       		.byte	0xd1
 382 016c 83000000 		.4byte	0x83
 383 0170 63000000 		.4byte	.LLST3
 384 0174 00       		.byte	0
 385 0175 0C       		.uleb128 0xc
 386 0176 D9010000 		.4byte	.LASF24
 387 017a 01       		.byte	0x1
 388 017b EC       		.byte	0xec
 389 017c 6B000000 		.4byte	0x6b
 390 0180 00000000 		.4byte	.LFB5
 391 0184 14000000 		.4byte	.LFE5-.LFB5
 392 0188 01       		.uleb128 0x1
 393 0189 9C       		.byte	0x9c
 394 018a 0B       		.uleb128 0xb
 395 018b 4C020000 		.4byte	.LASF26
 396 018f 01       		.byte	0x1
 397 0190 EE       		.byte	0xee
 398 0191 6B000000 		.4byte	0x6b
 399 0195 80000000 		.4byte	.LLST4
 400 0199 00       		.byte	0
 401 019a 00       		.byte	0
 402              		.section	.debug_abbrev,"",%progbits
 403              	.Ldebug_abbrev0:
 404 0000 01       		.uleb128 0x1
 405 0001 11       		.uleb128 0x11
 406 0002 01       		.byte	0x1
 407 0003 25       		.uleb128 0x25
 408 0004 0E       		.uleb128 0xe
 409 0005 13       		.uleb128 0x13
 410 0006 0B       		.uleb128 0xb
 411 0007 03       		.uleb128 0x3
 412 0008 0E       		.uleb128 0xe
 413 0009 1B       		.uleb128 0x1b
 414 000a 0E       		.uleb128 0xe
 415 000b 55       		.uleb128 0x55
 416 000c 17       		.uleb128 0x17
 417 000d 11       		.uleb128 0x11
 418 000e 01       		.uleb128 0x1
 419 000f 10       		.uleb128 0x10
 420 0010 17       		.uleb128 0x17
 421 0011 00       		.byte	0
 422 0012 00       		.byte	0
 423 0013 02       		.uleb128 0x2
 424 0014 24       		.uleb128 0x24
 425 0015 00       		.byte	0
 426 0016 0B       		.uleb128 0xb
 427 0017 0B       		.uleb128 0xb
 428 0018 3E       		.uleb128 0x3e
 429 0019 0B       		.uleb128 0xb
 430 001a 03       		.uleb128 0x3
 431 001b 0E       		.uleb128 0xe
ARM GAS  C:\Users\TIMCHE~1\AppData\Local\Temp\ccYfTh6w.s 			page 13


 432 001c 00       		.byte	0
 433 001d 00       		.byte	0
 434 001e 03       		.uleb128 0x3
 435 001f 24       		.uleb128 0x24
 436 0020 00       		.byte	0
 437 0021 0B       		.uleb128 0xb
 438 0022 0B       		.uleb128 0xb
 439 0023 3E       		.uleb128 0x3e
 440 0024 0B       		.uleb128 0xb
 441 0025 03       		.uleb128 0x3
 442 0026 08       		.uleb128 0x8
 443 0027 00       		.byte	0
 444 0028 00       		.byte	0
 445 0029 04       		.uleb128 0x4
 446 002a 16       		.uleb128 0x16
 447 002b 00       		.byte	0
 448 002c 03       		.uleb128 0x3
 449 002d 0E       		.uleb128 0xe
 450 002e 3A       		.uleb128 0x3a
 451 002f 0B       		.uleb128 0xb
 452 0030 3B       		.uleb128 0x3b
 453 0031 05       		.uleb128 0x5
 454 0032 49       		.uleb128 0x49
 455 0033 13       		.uleb128 0x13
 456 0034 00       		.byte	0
 457 0035 00       		.byte	0
 458 0036 05       		.uleb128 0x5
 459 0037 35       		.uleb128 0x35
 460 0038 00       		.byte	0
 461 0039 49       		.uleb128 0x49
 462 003a 13       		.uleb128 0x13
 463 003b 00       		.byte	0
 464 003c 00       		.byte	0
 465 003d 06       		.uleb128 0x6
 466 003e 2E       		.uleb128 0x2e
 467 003f 01       		.byte	0x1
 468 0040 3F       		.uleb128 0x3f
 469 0041 19       		.uleb128 0x19
 470 0042 03       		.uleb128 0x3
 471 0043 0E       		.uleb128 0xe
 472 0044 3A       		.uleb128 0x3a
 473 0045 0B       		.uleb128 0xb
 474 0046 3B       		.uleb128 0x3b
 475 0047 0B       		.uleb128 0xb
 476 0048 27       		.uleb128 0x27
 477 0049 19       		.uleb128 0x19
 478 004a 11       		.uleb128 0x11
 479 004b 01       		.uleb128 0x1
 480 004c 12       		.uleb128 0x12
 481 004d 06       		.uleb128 0x6
 482 004e 40       		.uleb128 0x40
 483 004f 18       		.uleb128 0x18
 484 0050 9742     		.uleb128 0x2117
 485 0052 19       		.uleb128 0x19
 486 0053 01       		.uleb128 0x1
 487 0054 13       		.uleb128 0x13
 488 0055 00       		.byte	0
ARM GAS  C:\Users\TIMCHE~1\AppData\Local\Temp\ccYfTh6w.s 			page 14


 489 0056 00       		.byte	0
 490 0057 07       		.uleb128 0x7
 491 0058 05       		.uleb128 0x5
 492 0059 00       		.byte	0
 493 005a 03       		.uleb128 0x3
 494 005b 0E       		.uleb128 0xe
 495 005c 3A       		.uleb128 0x3a
 496 005d 0B       		.uleb128 0xb
 497 005e 3B       		.uleb128 0x3b
 498 005f 0B       		.uleb128 0xb
 499 0060 49       		.uleb128 0x49
 500 0061 13       		.uleb128 0x13
 501 0062 02       		.uleb128 0x2
 502 0063 17       		.uleb128 0x17
 503 0064 00       		.byte	0
 504 0065 00       		.byte	0
 505 0066 08       		.uleb128 0x8
 506 0067 34       		.uleb128 0x34
 507 0068 00       		.byte	0
 508 0069 03       		.uleb128 0x3
 509 006a 0E       		.uleb128 0xe
 510 006b 3A       		.uleb128 0x3a
 511 006c 0B       		.uleb128 0xb
 512 006d 3B       		.uleb128 0x3b
 513 006e 0B       		.uleb128 0xb
 514 006f 49       		.uleb128 0x49
 515 0070 13       		.uleb128 0x13
 516 0071 00       		.byte	0
 517 0072 00       		.byte	0
 518 0073 09       		.uleb128 0x9
 519 0074 2E       		.uleb128 0x2e
 520 0075 00       		.byte	0
 521 0076 3F       		.uleb128 0x3f
 522 0077 19       		.uleb128 0x19
 523 0078 03       		.uleb128 0x3
 524 0079 0E       		.uleb128 0xe
 525 007a 3A       		.uleb128 0x3a
 526 007b 0B       		.uleb128 0xb
 527 007c 3B       		.uleb128 0x3b
 528 007d 0B       		.uleb128 0xb
 529 007e 27       		.uleb128 0x27
 530 007f 19       		.uleb128 0x19
 531 0080 49       		.uleb128 0x49
 532 0081 13       		.uleb128 0x13
 533 0082 11       		.uleb128 0x11
 534 0083 01       		.uleb128 0x1
 535 0084 12       		.uleb128 0x12
 536 0085 06       		.uleb128 0x6
 537 0086 40       		.uleb128 0x40
 538 0087 18       		.uleb128 0x18
 539 0088 9742     		.uleb128 0x2117
 540 008a 19       		.uleb128 0x19
 541 008b 00       		.byte	0
 542 008c 00       		.byte	0
 543 008d 0A       		.uleb128 0xa
 544 008e 05       		.uleb128 0x5
 545 008f 00       		.byte	0
ARM GAS  C:\Users\TIMCHE~1\AppData\Local\Temp\ccYfTh6w.s 			page 15


 546 0090 03       		.uleb128 0x3
 547 0091 0E       		.uleb128 0xe
 548 0092 3A       		.uleb128 0x3a
 549 0093 0B       		.uleb128 0xb
 550 0094 3B       		.uleb128 0x3b
 551 0095 0B       		.uleb128 0xb
 552 0096 49       		.uleb128 0x49
 553 0097 13       		.uleb128 0x13
 554 0098 02       		.uleb128 0x2
 555 0099 18       		.uleb128 0x18
 556 009a 00       		.byte	0
 557 009b 00       		.byte	0
 558 009c 0B       		.uleb128 0xb
 559 009d 34       		.uleb128 0x34
 560 009e 00       		.byte	0
 561 009f 03       		.uleb128 0x3
 562 00a0 0E       		.uleb128 0xe
 563 00a1 3A       		.uleb128 0x3a
 564 00a2 0B       		.uleb128 0xb
 565 00a3 3B       		.uleb128 0x3b
 566 00a4 0B       		.uleb128 0xb
 567 00a5 49       		.uleb128 0x49
 568 00a6 13       		.uleb128 0x13
 569 00a7 02       		.uleb128 0x2
 570 00a8 17       		.uleb128 0x17
 571 00a9 00       		.byte	0
 572 00aa 00       		.byte	0
 573 00ab 0C       		.uleb128 0xc
 574 00ac 2E       		.uleb128 0x2e
 575 00ad 01       		.byte	0x1
 576 00ae 3F       		.uleb128 0x3f
 577 00af 19       		.uleb128 0x19
 578 00b0 03       		.uleb128 0x3
 579 00b1 0E       		.uleb128 0xe
 580 00b2 3A       		.uleb128 0x3a
 581 00b3 0B       		.uleb128 0xb
 582 00b4 3B       		.uleb128 0x3b
 583 00b5 0B       		.uleb128 0xb
 584 00b6 27       		.uleb128 0x27
 585 00b7 19       		.uleb128 0x19
 586 00b8 49       		.uleb128 0x49
 587 00b9 13       		.uleb128 0x13
 588 00ba 11       		.uleb128 0x11
 589 00bb 01       		.uleb128 0x1
 590 00bc 12       		.uleb128 0x12
 591 00bd 06       		.uleb128 0x6
 592 00be 40       		.uleb128 0x40
 593 00bf 18       		.uleb128 0x18
 594 00c0 9742     		.uleb128 0x2117
 595 00c2 19       		.uleb128 0x19
 596 00c3 00       		.byte	0
 597 00c4 00       		.byte	0
 598 00c5 00       		.byte	0
 599              		.section	.debug_loc,"",%progbits
 600              	.Ldebug_loc0:
 601              	.LLST0:
 602 0000 00000000 		.4byte	.LVL0
ARM GAS  C:\Users\TIMCHE~1\AppData\Local\Temp\ccYfTh6w.s 			page 16


 603 0004 06000000 		.4byte	.LVL1
 604 0008 0100     		.2byte	0x1
 605 000a 50       		.byte	0x50
 606 000b 06000000 		.4byte	.LVL1
 607 000f 14000000 		.4byte	.LFE0
 608 0013 0400     		.2byte	0x4
 609 0015 F3       		.byte	0xf3
 610 0016 01       		.uleb128 0x1
 611 0017 50       		.byte	0x50
 612 0018 9F       		.byte	0x9f
 613 0019 00000000 		.4byte	0
 614 001d 00000000 		.4byte	0
 615              	.LLST1:
 616 0021 00000000 		.4byte	.LVL2
 617 0025 06000000 		.4byte	.LVL3
 618 0029 0100     		.2byte	0x1
 619 002b 50       		.byte	0x50
 620 002c 06000000 		.4byte	.LVL3
 621 0030 18000000 		.4byte	.LFE1
 622 0034 0400     		.2byte	0x4
 623 0036 F3       		.byte	0xf3
 624 0037 01       		.uleb128 0x1
 625 0038 50       		.byte	0x50
 626 0039 9F       		.byte	0x9f
 627 003a 00000000 		.4byte	0
 628 003e 00000000 		.4byte	0
 629              	.LLST2:
 630 0042 00000000 		.4byte	.LVL4
 631 0046 08000000 		.4byte	.LVL7
 632 004a 0100     		.2byte	0x1
 633 004c 50       		.byte	0x50
 634 004d 08000000 		.4byte	.LVL7
 635 0051 14000000 		.4byte	.LFE4
 636 0055 0400     		.2byte	0x4
 637 0057 F3       		.byte	0xf3
 638 0058 01       		.uleb128 0x1
 639 0059 50       		.byte	0x50
 640 005a 9F       		.byte	0x9f
 641 005b 00000000 		.4byte	0
 642 005f 00000000 		.4byte	0
 643              	.LLST3:
 644 0063 04000000 		.4byte	.LVL5
 645 0067 06000000 		.4byte	.LVL6
 646 006b 0B00     		.2byte	0xb
 647 006d 70       		.byte	0x70
 648 006e 00       		.sleb128 0
 649 006f 0A       		.byte	0xa
 650 0070 FFFF     		.2byte	0xffff
 651 0072 1A       		.byte	0x1a
 652 0073 20       		.byte	0x20
 653 0074 73       		.byte	0x73
 654 0075 00       		.sleb128 0
 655 0076 1A       		.byte	0x1a
 656 0077 9F       		.byte	0x9f
 657 0078 00000000 		.4byte	0
 658 007c 00000000 		.4byte	0
 659              	.LLST4:
ARM GAS  C:\Users\TIMCHE~1\AppData\Local\Temp\ccYfTh6w.s 			page 17


 660 0080 08000000 		.4byte	.LVL8
 661 0084 0C000000 		.4byte	.LVL9
 662 0088 0100     		.2byte	0x1
 663 008a 50       		.byte	0x50
 664 008b 0C000000 		.4byte	.LVL9
 665 008f 14000000 		.4byte	.LFE5
 666 0093 0400     		.2byte	0x4
 667 0095 72       		.byte	0x72
 668 0096 00       		.sleb128 0
 669 0097 06       		.byte	0x6
 670 0098 9F       		.byte	0x9f
 671 0099 00000000 		.4byte	0
 672 009d 00000000 		.4byte	0
 673              		.section	.debug_aranges,"",%progbits
 674 0000 44000000 		.4byte	0x44
 675 0004 0200     		.2byte	0x2
 676 0006 00000000 		.4byte	.Ldebug_info0
 677 000a 04       		.byte	0x4
 678 000b 00       		.byte	0
 679 000c 0000     		.2byte	0
 680 000e 0000     		.2byte	0
 681 0010 00000000 		.4byte	.LFB0
 682 0014 14000000 		.4byte	.LFE0-.LFB0
 683 0018 00000000 		.4byte	.LFB1
 684 001c 18000000 		.4byte	.LFE1-.LFB1
 685 0020 00000000 		.4byte	.LFB2
 686 0024 10000000 		.4byte	.LFE2-.LFB2
 687 0028 00000000 		.4byte	.LFB3
 688 002c 10000000 		.4byte	.LFE3-.LFB3
 689 0030 00000000 		.4byte	.LFB4
 690 0034 14000000 		.4byte	.LFE4-.LFB4
 691 0038 00000000 		.4byte	.LFB5
 692 003c 14000000 		.4byte	.LFE5-.LFB5
 693 0040 00000000 		.4byte	0
 694 0044 00000000 		.4byte	0
 695              		.section	.debug_ranges,"",%progbits
 696              	.Ldebug_ranges0:
 697 0000 00000000 		.4byte	.LFB0
 698 0004 14000000 		.4byte	.LFE0
 699 0008 00000000 		.4byte	.LFB1
 700 000c 18000000 		.4byte	.LFE1
 701 0010 00000000 		.4byte	.LFB2
 702 0014 10000000 		.4byte	.LFE2
 703 0018 00000000 		.4byte	.LFB3
 704 001c 10000000 		.4byte	.LFE3
 705 0020 00000000 		.4byte	.LFB4
 706 0024 14000000 		.4byte	.LFE4
 707 0028 00000000 		.4byte	.LFB5
 708 002c 14000000 		.4byte	.LFE5
 709 0030 00000000 		.4byte	0
 710 0034 00000000 		.4byte	0
 711              		.section	.debug_line,"",%progbits
 712              	.Ldebug_line0:
 713 0000 CF000000 		.section	.debug_str,"MS",%progbits,1
 713      02004A00 
 713      00000201 
 713      FB0E0D00 
ARM GAS  C:\Users\TIMCHE~1\AppData\Local\Temp\ccYfTh6w.s 			page 18


 713      01010101 
 714              	.LASF15:
 715 0000 72656733 		.ascii	"reg32\000"
 715      3200
 716              	.LASF27:
 717 0006 474E5520 		.ascii	"GNU C 4.9.3 20150303 (release) [ARM/embedded-4_9-br"
 717      4320342E 
 717      392E3320 
 717      32303135 
 717      30333033 
 718 0039 616E6368 		.ascii	"anch revision 221220] -mcpu=cortex-m0 -mthumb -g -O"
 718      20726576 
 718      6973696F 
 718      6E203232 
 718      31323230 
 719 006c 73202D66 		.ascii	"s -ffunction-sections -ffat-lto-objects\000"
 719      66756E63 
 719      74696F6E 
 719      2D736563 
 719      74696F6E 
 720              	.LASF19:
 721 0094 76616C75 		.ascii	"value\000"
 721      6500
 722              	.LASF13:
 723 009a 646F7562 		.ascii	"double\000"
 723      6C6500
 724              	.LASF29:
 725 00a1 433A5C55 		.ascii	"C:\\Users\\Tim Chen\\Desktop\\Test proximity auto t"
 725      73657273 
 725      5C54696D 
 725      20436865 
 725      6E5C4465 
 726 00d0 756E696E 		.ascii	"uning\\MH-8W_Proximity_Board_V9_20170619\\MH-8W_PRO"
 726      675C4D48 
 726      2D38575F 
 726      50726F78 
 726      696D6974 
 727 0101 58494D49 		.ascii	"XIMITY.cydsn\\Bootloader_V01\\Bootloader_PSoC4_Exam"
 727      54592E63 
 727      7964736E 
 727      5C426F6F 
 727      746C6F61 
 728 0132 706C6530 		.ascii	"ple01.cydsn\000"
 728      312E6379 
 728      64736E00 
 729              	.LASF21:
 730 013e 4932435F 		.ascii	"I2C_Slave_scl_ReadDataReg\000"
 730      536C6176 
 730      655F7363 
 730      6C5F5265 
 730      61644461 
 731              	.LASF16:
 732 0158 4932435F 		.ascii	"I2C_Slave_scl_SetDriveMode\000"
 732      536C6176 
 732      655F7363 
 732      6C5F5365 
 732      74447269 
ARM GAS  C:\Users\TIMCHE~1\AppData\Local\Temp\ccYfTh6w.s 			page 19


 733              	.LASF12:
 734 0173 666C6F61 		.ascii	"float\000"
 734      7400
 735              	.LASF1:
 736 0179 756E7369 		.ascii	"unsigned char\000"
 736      676E6564 
 736      20636861 
 736      7200
 737              	.LASF30:
 738 0187 64725661 		.ascii	"drVal\000"
 738      6C00
 739              	.LASF5:
 740 018d 6C6F6E67 		.ascii	"long unsigned int\000"
 740      20756E73 
 740      69676E65 
 740      6420696E 
 740      7400
 741              	.LASF3:
 742 019f 73686F72 		.ascii	"short unsigned int\000"
 742      7420756E 
 742      7369676E 
 742      65642069 
 742      6E7400
 743              	.LASF28:
 744 01b2 47656E65 		.ascii	"Generated_Source\\PSoC4\\I2C_Slave_scl.c\000"
 744      72617465 
 744      645F536F 
 744      75726365 
 744      5C50536F 
 745              	.LASF24:
 746 01d9 4932435F 		.ascii	"I2C_Slave_scl_ClearInterrupt\000"
 746      536C6176 
 746      655F7363 
 746      6C5F436C 
 746      65617249 
 747              	.LASF10:
 748 01f6 75696E74 		.ascii	"uint16\000"
 748      313600
 749              	.LASF23:
 750 01fd 706F7369 		.ascii	"position\000"
 750      74696F6E 
 750      00
 751              	.LASF11:
 752 0206 75696E74 		.ascii	"uint32\000"
 752      333200
 753              	.LASF25:
 754 020d 696E7472 		.ascii	"intrCfg\000"
 754      43666700 
 755              	.LASF8:
 756 0215 756E7369 		.ascii	"unsigned int\000"
 756      676E6564 
 756      20696E74 
 756      00
 757              	.LASF7:
 758 0222 6C6F6E67 		.ascii	"long long unsigned int\000"
 758      206C6F6E 
 758      6720756E 
ARM GAS  C:\Users\TIMCHE~1\AppData\Local\Temp\ccYfTh6w.s 			page 20


 758      7369676E 
 758      65642069 
 759              	.LASF18:
 760 0239 6D6F6465 		.ascii	"mode\000"
 760      00
 761              	.LASF6:
 762 023e 6C6F6E67 		.ascii	"long long int\000"
 762      206C6F6E 
 762      6720696E 
 762      7400
 763              	.LASF26:
 764 024c 6D61736B 		.ascii	"maskedStatus\000"
 764      65645374 
 764      61747573 
 764      00
 765              	.LASF14:
 766 0259 63686172 		.ascii	"char\000"
 766      00
 767              	.LASF2:
 768 025e 73686F72 		.ascii	"short int\000"
 768      7420696E 
 768      7400
 769              	.LASF9:
 770 0268 75696E74 		.ascii	"uint8\000"
 770      3800
 771              	.LASF22:
 772 026e 4932435F 		.ascii	"I2C_Slave_scl_SetInterruptMode\000"
 772      536C6176 
 772      655F7363 
 772      6C5F5365 
 772      74496E74 
 773              	.LASF17:
 774 028d 4932435F 		.ascii	"I2C_Slave_scl_Write\000"
 774      536C6176 
 774      655F7363 
 774      6C5F5772 
 774      69746500 
 775              	.LASF4:
 776 02a1 6C6F6E67 		.ascii	"long int\000"
 776      20696E74 
 776      00
 777              	.LASF20:
 778 02aa 4932435F 		.ascii	"I2C_Slave_scl_Read\000"
 778      536C6176 
 778      655F7363 
 778      6C5F5265 
 778      616400
 779              	.LASF0:
 780 02bd 7369676E 		.ascii	"signed char\000"
 780      65642063 
 780      68617200 
 781              		.ident	"GCC: (GNU Tools for ARM Embedded Processors) 4.9.3 20150303 (release) [ARM/embedded-4_9-br
